#
# There is insufficient memory for the Java Runtime Environment to continue.
# Native memory allocation (malloc) failed to allocate 1049936 bytes. Error detail: Chunk::new
# Possible reasons:
#   The system is out of physical RAM or swap space
#   This process is running with CompressedOops enabled, and the Java Heap may be blocking the growth of the native heap
# Possible solutions:
#   Reduce memory load on the system
#   Increase physical memory or swap space
#   Check if swap backing store is full
#   Decrease Java heap size (-Xmx/-Xms)
#   Decrease number of Java threads
#   Decrease Java thread stack sizes (-Xss)
#   Set larger code cache with -XX:ReservedCodeCacheSize=
#   JVM is running with Unscaled Compressed Oops mode in which the Java heap is
#     placed in the first 4GB address space. The Java Heap base address is the
#     maximum limit for the native heap growth. Please use -XX:HeapBaseMinAddress
#     to set the Java Heap base and to place the Java Heap above 4GB virtual address.
# This output file may be truncated or incomplete.
#
#  Out of Memory Error (arena.cpp:168), pid=14320, tid=2252
#
# JRE version: OpenJDK Runtime Environment (21.0.6) (build 21.0.6+-13368085-b895.109)
# Java VM: OpenJDK 64-Bit Server VM (21.0.6+-13368085-b895.109, mixed mode, tiered, compressed oops, compressed class ptrs, g1 gc, windows-amd64)
# No core dump will be written. Minidumps are not enabled by default on client versions of Windows
#

---------------  S U M M A R Y ------------

Command Line: --add-opens=java.base/java.lang=ALL-UNNAMED --add-opens=java.base/java.lang.invoke=ALL-UNNAMED --add-opens=java.base/java.util=ALL-UNNAMED --add-opens=java.prefs/java.util.prefs=ALL-UNNAMED --add-exports=jdk.compiler/com.sun.tools.javac.api=ALL-UNNAMED --add-exports=jdk.compiler/com.sun.tools.javac.util=ALL-UNNAMED --add-opens=java.base/java.util=ALL-UNNAMED --add-opens=java.prefs/java.util.prefs=ALL-UNNAMED --add-opens=java.base/java.nio.charset=ALL-UNNAMED --add-opens=java.base/java.net=ALL-UNNAMED --add-opens=java.base/java.util.concurrent.atomic=ALL-UNNAMED --add-opens=java.xml/javax.xml.namespace=ALL-UNNAMED -Xmx2048m -Dfile.encoding=UTF-8 -Duser.country=US -Duser.language=en -Duser.variant -javaagent:C:\Users\Administrator\.gradle\wrapper\dists\gradle-8.12-bin\cetblhg4pflnnks72fxwobvgv\gradle-8.12\lib\agents\gradle-instrumentation-agent-8.12.jar org.gradle.launcher.daemon.bootstrap.GradleDaemon 8.12

Host: Intel(R) Core(TM) i5-6300U CPU @ 2.40GHz, 3 cores, 7G,  Windows 10 , 64 bit Build 19041 (10.0.19041.5915)
Time: Tue Aug 26 14:13:27 2025 E. Africa Standard Time elapsed time: 208.761791 seconds (0d 0h 3m 28s)

---------------  T H R E A D  ---------------

Current thread (0x000001db4104b600):  JavaThread "C2 CompilerThread0" daemon [_thread_in_native, id=2252, stack(0x0000006aee500000,0x0000006aee600000) (1024K)]


Current CompileTask:
C2:208761 9939 %     4       org.gradle.internal.instantiation.generator.AbstractClassGenerator::inspectType @ 250 (560 bytes)

Stack: [0x0000006aee500000,0x0000006aee600000]
Native frames: (J=compiled Java code, j=interpreted, Vv=VM code, C=native code)
V  [jvm.dll+0x6d0639]
V  [jvm.dll+0x85eb03]
V  [jvm.dll+0x86105e]
V  [jvm.dll+0x861743]
V  [jvm.dll+0x27e6e6]
V  [jvm.dll+0xbff6d]
V  [jvm.dll+0xc04a3]
V  [jvm.dll+0x2f2780]
V  [jvm.dll+0x5fa409]
V  [jvm.dll+0x250d92]
V  [jvm.dll+0x24963a]
V  [jvm.dll+0x24714e]
V  [jvm.dll+0x1c5f04]
V  [jvm.dll+0x2569ac]
V  [jvm.dll+0x254ef6]
V  [jvm.dll+0x3f0e96]
V  [jvm.dll+0x806ed8]
V  [jvm.dll+0x6cef0d]
C  [ucrtbase.dll+0x21bb2]
C  [KERNEL32.DLL+0x17374]
C  [ntdll.dll+0x4cc91]


---------------  P R O C E S S  ---------------

Threads class SMR info:
_java_thread_list=0x000001db44749950, length=52, elements={
0x000001db23eb8a30, 0x000001db4103bb90, 0x000001db41046b30, 0x000001db41048990,
0x000001db410493e0, 0x000001db41049e30, 0x000001db4104a880, 0x000001db4104b600,
0x000001db4104f380, 0x000001db4115d370, 0x000001db41372640, 0x000001db42a7bca0,
0x000001db412441c0, 0x000001db416cc700, 0x000001db42cf8780, 0x000001db42caa5c0,
0x000001db41304be0, 0x000001db42c6b990, 0x000001db41eb02e0, 0x000001db42c55070,
0x000001db42c584f0, 0x000001db42c55700, 0x000001db42c57e60, 0x000001db42c56ab0,
0x000001db42c55d90, 0x000001db42c57140, 0x000001db42c56420, 0x000001db42c577d0,
0x000001db431b08a0, 0x000001db431b0f30, 0x000001db431b15c0, 0x000001db431afb80,
0x000001db431ae7d0, 0x000001db431aee60, 0x000001db4313d260, 0x000001db4313c540,
0x000001db4313cbd0, 0x000001db4313beb0, 0x000001db4313ab00, 0x000001db4313b820,
0x000001db4313d8f0, 0x000001db4313df80, 0x000001db4313b190, 0x000001db436a94b0,
0x000001db436aa1d0, 0x000001db436a73e0, 0x000001db436a7a70, 0x000001db436aa860,
0x000001db436a4c80, 0x000001db436a59a0, 0x000001db436abc10, 0x000001db436aaef0
}

Java Threads: ( => current thread )
  0x000001db23eb8a30 JavaThread "main"                              [_thread_blocked, id=11628, stack(0x0000006aed700000,0x0000006aed800000) (1024K)]
  0x000001db4103bb90 JavaThread "Reference Handler"          daemon [_thread_blocked, id=11168, stack(0x0000006aedf00000,0x0000006aee000000) (1024K)]
  0x000001db41046b30 JavaThread "Finalizer"                  daemon [_thread_blocked, id=14260, stack(0x0000006aee000000,0x0000006aee100000) (1024K)]
  0x000001db41048990 JavaThread "Signal Dispatcher"          daemon [_thread_blocked, id=6164, stack(0x0000006aee100000,0x0000006aee200000) (1024K)]
  0x000001db410493e0 JavaThread "Attach Listener"            daemon [_thread_blocked, id=6756, stack(0x0000006aee200000,0x0000006aee300000) (1024K)]
  0x000001db41049e30 JavaThread "Service Thread"             daemon [_thread_blocked, id=11316, stack(0x0000006aee300000,0x0000006aee400000) (1024K)]
  0x000001db4104a880 JavaThread "Monitor Deflation Thread"   daemon [_thread_blocked, id=5392, stack(0x0000006aee400000,0x0000006aee500000) (1024K)]
=>0x000001db4104b600 JavaThread "C2 CompilerThread0"         daemon [_thread_in_native, id=2252, stack(0x0000006aee500000,0x0000006aee600000) (1024K)]
  0x000001db4104f380 JavaThread "C1 CompilerThread0"         daemon [_thread_blocked, id=3540, stack(0x0000006aee600000,0x0000006aee700000) (1024K)]
  0x000001db4115d370 JavaThread "Common-Cleaner"             daemon [_thread_blocked, id=11020, stack(0x0000006aee700000,0x0000006aee800000) (1024K)]
  0x000001db41372640 JavaThread "Notification Thread"        daemon [_thread_blocked, id=1388, stack(0x0000006aee800000,0x0000006aee900000) (1024K)]
  0x000001db42a7bca0 JavaThread "Daemon health stats"               [_thread_blocked, id=6336, stack(0x0000006aeeb00000,0x0000006aeec00000) (1024K)]
  0x000001db412441c0 JavaThread "Incoming local TCP Connector on port 58925"        [_thread_in_native, id=720, stack(0x0000006aeec00000,0x0000006aeed00000) (1024K)]
  0x000001db416cc700 JavaThread "Daemon periodic checks"            [_thread_blocked, id=14236, stack(0x0000006aeed00000,0x0000006aeee00000) (1024K)]
  0x000001db42cf8780 JavaThread "Daemon"                            [_thread_blocked, id=10412, stack(0x0000006aeee00000,0x0000006aeef00000) (1024K)]
  0x000001db42caa5c0 JavaThread "Handler for socket connection from /127.0.0.1:58925 to /127.0.0.1:58926"        [_thread_in_native, id=14152, stack(0x0000006aeef00000,0x0000006aef000000) (1024K)]
  0x000001db41304be0 JavaThread "Cancel handler"                    [_thread_blocked, id=9092, stack(0x0000006aef000000,0x0000006aef100000) (1024K)]
  0x000001db42c6b990 JavaThread "Daemon worker"                     [_thread_in_vm, id=12248, stack(0x0000006aef100000,0x0000006aef200000) (1024K)]
  0x000001db41eb02e0 JavaThread "Asynchronous log dispatcher for DefaultDaemonConnection: socket connection from /127.0.0.1:58925 to /127.0.0.1:58926"        [_thread_blocked, id=6752, stack(0x0000006aef200000,0x0000006aef300000) (1024K)]
  0x000001db42c55070 JavaThread "Stdin handler"                     [_thread_blocked, id=7220, stack(0x0000006aef300000,0x0000006aef400000) (1024K)]
  0x000001db42c584f0 JavaThread "Daemon client event forwarder"        [_thread_blocked, id=4256, stack(0x0000006aef400000,0x0000006aef500000) (1024K)]
  0x000001db42c55700 JavaThread "Cache worker for journal cache (C:\Users\Administrator\.gradle\caches\journal-1)"        [_thread_blocked, id=4904, stack(0x0000006aef500000,0x0000006aef600000) (1024K)]
  0x000001db42c57e60 JavaThread "File lock request listener"        [_thread_in_native, id=14120, stack(0x0000006aef600000,0x0000006aef700000) (1024K)]
  0x000001db42c56ab0 JavaThread "Cache worker for file hash cache (C:\Users\Administrator\.gradle\caches\8.12\fileHashes)"        [_thread_blocked, id=8776, stack(0x0000006aef700000,0x0000006aef800000) (1024K)]
  0x000001db42c55d90 JavaThread "File lock release action executor"        [_thread_blocked, id=340, stack(0x0000006aef800000,0x0000006aef900000) (1024K)]
  0x000001db42c57140 JavaThread "Cache worker for file hash cache (C:\Users\Administrator\Desktop\mythic\.gradle\8.12\fileHashes)"        [_thread_blocked, id=4944, stack(0x0000006aef900000,0x0000006aefa00000) (1024K)]
  0x000001db42c56420 JavaThread "Cache worker for Build Output Cleanup Cache (C:\Users\Administrator\Desktop\mythic\.gradle\buildOutputCleanup)"        [_thread_blocked, id=10208, stack(0x0000006aefa00000,0x0000006aefb00000) (1024K)]
  0x000001db42c577d0 JavaThread "File watcher server"        daemon [_thread_in_native, id=5820, stack(0x0000006aefb00000,0x0000006aefc00000) (1024K)]
  0x000001db431b08a0 JavaThread "File watcher consumer"      daemon [_thread_blocked, id=4128, stack(0x0000006aefc00000,0x0000006aefd00000) (1024K)]
  0x000001db431b0f30 JavaThread "jar transforms"                    [_thread_blocked, id=8148, stack(0x0000006aefd00000,0x0000006aefe00000) (1024K)]
  0x000001db431b15c0 JavaThread "jar transforms Thread 2"           [_thread_blocked, id=13076, stack(0x0000006aefe00000,0x0000006aeff00000) (1024K)]
  0x000001db431afb80 JavaThread "jar transforms Thread 3"           [_thread_blocked, id=6776, stack(0x0000006aeff00000,0x0000006af0000000) (1024K)]
  0x000001db431ae7d0 JavaThread "Cache worker for checksums cache (C:\Users\Administrator\Desktop\mythic\.gradle\8.12\checksums)"        [_thread_blocked, id=7336, stack(0x0000006af0000000,0x0000006af0100000) (1024K)]
  0x000001db431aee60 JavaThread "Cache worker for file content cache (C:\Users\Administrator\.gradle\caches\8.12\fileContent)"        [_thread_blocked, id=4800, stack(0x0000006af0100000,0x0000006af0200000) (1024K)]
  0x000001db4313d260 JavaThread "Cache worker for cache directory md-rule (C:\Users\Administrator\.gradle\caches\8.12\md-rule)"        [_thread_blocked, id=1776, stack(0x0000006af0200000,0x0000006af0300000) (1024K)]
  0x000001db4313c540 JavaThread "Cache worker for cache directory md-supplier (C:\Users\Administrator\.gradle\caches\8.12\md-supplier)"        [_thread_blocked, id=7816, stack(0x0000006af0300000,0x0000006af0400000) (1024K)]
  0x000001db4313cbd0 JavaThread "Unconstrained build operations"        [_thread_blocked, id=12776, stack(0x0000006af0400000,0x0000006af0500000) (1024K)]
  0x000001db4313beb0 JavaThread "Unconstrained build operations Thread 2"        [_thread_blocked, id=13000, stack(0x0000006af0500000,0x0000006af0600000) (1024K)]
  0x000001db4313ab00 JavaThread "Unconstrained build operations Thread 3"        [_thread_blocked, id=11928, stack(0x0000006af0600000,0x0000006af0700000) (1024K)]
  0x000001db4313b820 JavaThread "Unconstrained build operations Thread 4"        [_thread_blocked, id=5720, stack(0x0000006af0700000,0x0000006af0800000) (1024K)]
  0x000001db4313d8f0 JavaThread "Unconstrained build operations Thread 5"        [_thread_blocked, id=13168, stack(0x0000006aed500000,0x0000006aed600000) (1024K)]
  0x000001db4313df80 JavaThread "Unconstrained build operations Thread 6"        [_thread_blocked, id=4524, stack(0x0000006aed600000,0x0000006aed700000) (1024K)]
  0x000001db4313b190 JavaThread "Unconstrained build operations Thread 7"        [_thread_blocked, id=13136, stack(0x0000006af0800000,0x0000006af0900000) (1024K)]
  0x000001db436a94b0 JavaThread "Unconstrained build operations Thread 8"        [_thread_blocked, id=8868, stack(0x0000006af0900000,0x0000006af0a00000) (1024K)]
  0x000001db436aa1d0 JavaThread "Problems report writer"            [_thread_blocked, id=12364, stack(0x0000006af0a00000,0x0000006af0b00000) (1024K)]
  0x000001db436a73e0 JavaThread "Unconstrained build operations Thread 9"        [_thread_blocked, id=10684, stack(0x0000006af0b00000,0x0000006af0c00000) (1024K)]
  0x000001db436a7a70 JavaThread "Unconstrained build operations Thread 10"        [_thread_blocked, id=1184, stack(0x0000006af0c00000,0x0000006af0d00000) (1024K)]
  0x000001db436aa860 JavaThread "Unconstrained build operations Thread 11"        [_thread_blocked, id=10448, stack(0x0000006af0d00000,0x0000006af0e00000) (1024K)]
  0x000001db436a4c80 JavaThread "Unconstrained build operations Thread 12"        [_thread_blocked, id=2768, stack(0x0000006af0e00000,0x0000006af0f00000) (1024K)]
  0x000001db436a59a0 JavaThread "Unconstrained build operations Thread 13"        [_thread_blocked, id=11104, stack(0x0000006af0f00000,0x0000006af1000000) (1024K)]
  0x000001db436abc10 JavaThread "Unconstrained build operations Thread 14"        [_thread_blocked, id=4940, stack(0x0000006af1000000,0x0000006af1100000) (1024K)]
  0x000001db436aaef0 JavaThread "Memory manager"                    [_thread_blocked, id=2156, stack(0x0000006af1100000,0x0000006af1200000) (1024K)]
Total: 52

Other Threads:
  0x000001db3cd55710 VMThread "VM Thread"                           [id=11536, stack(0x0000006aede00000,0x0000006aedf00000) (1024K)]
  0x000001db3ccc1ed0 WatcherThread "VM Periodic Task Thread"        [id=3444, stack(0x0000006aedd00000,0x0000006aede00000) (1024K)]
  0x000001db2615cba0 WorkerThread "GC Thread#0"                     [id=8140, stack(0x0000006aed800000,0x0000006aed900000) (1024K)]
  0x000001db413734b0 WorkerThread "GC Thread#1"                     [id=8368, stack(0x0000006aee900000,0x0000006aeea00000) (1024K)]
  0x000001db4143e180 WorkerThread "GC Thread#2"                     [id=8336, stack(0x0000006aeea00000,0x0000006aeeb00000) (1024K)]
  0x000001db2616da90 ConcurrentGCThread "G1 Main Marker"            [id=3556, stack(0x0000006aed900000,0x0000006aeda00000) (1024K)]
  0x000001db2616f4b0 WorkerThread "G1 Conc#0"                       [id=9180, stack(0x0000006aeda00000,0x0000006aedb00000) (1024K)]
  0x000001db3cb934c0 ConcurrentGCThread "G1 Refine#0"               [id=1748, stack(0x0000006aedb00000,0x0000006aedc00000) (1024K)]
  0x000001db3cb93f40 ConcurrentGCThread "G1 Service"                [id=13592, stack(0x0000006aedc00000,0x0000006aedd00000) (1024K)]
Total: 9

Threads with active compile tasks:
C2 CompilerThread0  208793 9939 %     4       org.gradle.internal.instantiation.generator.AbstractClassGenerator::inspectType @ 250 (560 bytes)
Total: 1

VM state: not at safepoint (normal execution)

VM Mutex/Monitor currently owned by a thread: None

Heap address: 0x0000000080000000, size: 2048 MB, Compressed Oops mode: 32-bit

CDS archive(s) not mapped
Compressed class space mapped at: 0x0000000100000000-0x0000000140000000, reserved size: 1073741824
Narrow klass base: 0x0000000000000000, Narrow klass shift: 3, Narrow klass range: 0x140000000

GC Precious Log:
 CardTable entry size: 512
 Card Set container configuration: InlinePtr #cards 5 size 8 Array Of Cards #cards 12 size 40 Howl #buckets 4 coarsen threshold 1843 Howl Bitmap #cards 512 size 80 coarsen threshold 460 Card regions per heap region 1 cards per card region 2048
 CPUs: 3 total, 3 available
 Memory: 8047M
 Large Page Support: Disabled
 NUMA Support: Disabled
 Compressed Oops: Enabled (32-bit)
 Heap Region Size: 1M
 Heap Min Capacity: 8M
 Heap Initial Capacity: 126M
 Heap Max Capacity: 2G
 Pre-touch: Disabled
 Parallel Workers: 3
 Concurrent Workers: 1
 Concurrent Refinement Workers: 3
 Periodic GC: Disabled

Heap:
 garbage-first heap   total 186368K, used 169805K [0x0000000080000000, 0x0000000100000000)
  region size 1024K, 55 young (56320K), 5 survivors (5120K)
 Metaspace       used 82648K, committed 84736K, reserved 1179648K
  class space    used 11002K, committed 12032K, reserved 1048576K

Heap Regions: E=young(eden), S=young(survivor), O=old, HS=humongous(starts), HC=humongous(continues), CS=collection set, F=free, TAMS=top-at-mark-start, PB=parsable bottom
|   0|0x0000000080000000, 0x0000000080100000, 0x0000000080100000|100%| O|  |TAMS 0x0000000080000000| PB 0x0000000080000000| Untracked 
|   1|0x0000000080100000, 0x0000000080200000, 0x0000000080200000|100%|HS|  |TAMS 0x0000000080100000| PB 0x0000000080100000| Complete 
|   2|0x0000000080200000, 0x0000000080300000, 0x0000000080300000|100%|HC|  |TAMS 0x0000000080200000| PB 0x0000000080200000| Complete 
|   3|0x0000000080300000, 0x0000000080400000, 0x0000000080400000|100%|HC|  |TAMS 0x0000000080300000| PB 0x0000000080300000| Complete 
|   4|0x0000000080400000, 0x0000000080500000, 0x0000000080500000|100%| O|  |TAMS 0x0000000080400000| PB 0x0000000080400000| Untracked 
|   5|0x0000000080500000, 0x0000000080600000, 0x0000000080600000|100%| O|  |TAMS 0x0000000080500000| PB 0x0000000080500000| Untracked 
|   6|0x0000000080600000, 0x0000000080700000, 0x0000000080700000|100%| O|  |TAMS 0x0000000080600000| PB 0x0000000080600000| Untracked 
|   7|0x0000000080700000, 0x0000000080800000, 0x0000000080800000|100%| O|  |TAMS 0x0000000080700000| PB 0x0000000080700000| Untracked 
|   8|0x0000000080800000, 0x0000000080900000, 0x0000000080900000|100%|HS|  |TAMS 0x0000000080800000| PB 0x0000000080800000| Complete 
|   9|0x0000000080900000, 0x0000000080a00000, 0x0000000080a00000|100%| O|  |TAMS 0x0000000080900000| PB 0x0000000080900000| Untracked 
|  10|0x0000000080a00000, 0x0000000080b00000, 0x0000000080b00000|100%| O|  |TAMS 0x0000000080a00000| PB 0x0000000080a00000| Untracked 
|  11|0x0000000080b00000, 0x0000000080c00000, 0x0000000080c00000|100%| O|  |TAMS 0x0000000080b00000| PB 0x0000000080b00000| Untracked 
|  12|0x0000000080c00000, 0x0000000080d00000, 0x0000000080d00000|100%| O|  |TAMS 0x0000000080c00000| PB 0x0000000080c00000| Untracked 
|  13|0x0000000080d00000, 0x0000000080e00000, 0x0000000080e00000|100%| O|  |TAMS 0x0000000080d00000| PB 0x0000000080d00000| Untracked 
|  14|0x0000000080e00000, 0x0000000080f00000, 0x0000000080f00000|100%| O|  |TAMS 0x0000000080e00000| PB 0x0000000080e00000| Untracked 
|  15|0x0000000080f00000, 0x0000000081000000, 0x0000000081000000|100%| O|  |TAMS 0x0000000080f00000| PB 0x0000000080f00000| Untracked 
|  16|0x0000000081000000, 0x0000000081100000, 0x0000000081100000|100%| O|  |TAMS 0x0000000081000000| PB 0x0000000081000000| Untracked 
|  17|0x0000000081100000, 0x0000000081200000, 0x0000000081200000|100%| O|  |TAMS 0x0000000081100000| PB 0x0000000081100000| Untracked 
|  18|0x0000000081200000, 0x0000000081300000, 0x0000000081300000|100%| O|  |TAMS 0x0000000081200000| PB 0x0000000081200000| Untracked 
|  19|0x0000000081300000, 0x0000000081400000, 0x0000000081400000|100%| O|  |TAMS 0x0000000081300000| PB 0x0000000081300000| Untracked 
|  20|0x0000000081400000, 0x0000000081500000, 0x0000000081500000|100%| O|  |TAMS 0x0000000081400000| PB 0x0000000081400000| Untracked 
|  21|0x0000000081500000, 0x0000000081600000, 0x0000000081600000|100%|HS|  |TAMS 0x0000000081500000| PB 0x0000000081500000| Complete 
|  22|0x0000000081600000, 0x0000000081700000, 0x0000000081700000|100%|HC|  |TAMS 0x0000000081600000| PB 0x0000000081600000| Complete 
|  23|0x0000000081700000, 0x0000000081800000, 0x0000000081800000|100%|HC|  |TAMS 0x0000000081700000| PB 0x0000000081700000| Complete 
|  24|0x0000000081800000, 0x0000000081900000, 0x0000000081900000|100%|HC|  |TAMS 0x0000000081800000| PB 0x0000000081800000| Complete 
|  25|0x0000000081900000, 0x0000000081a00000, 0x0000000081a00000|100%|HC|  |TAMS 0x0000000081900000| PB 0x0000000081900000| Complete 
|  26|0x0000000081a00000, 0x0000000081b00000, 0x0000000081b00000|100%|HC|  |TAMS 0x0000000081a00000| PB 0x0000000081a00000| Complete 
|  27|0x0000000081b00000, 0x0000000081c00000, 0x0000000081c00000|100%|HS|  |TAMS 0x0000000081b00000| PB 0x0000000081b00000| Complete 
|  28|0x0000000081c00000, 0x0000000081d00000, 0x0000000081d00000|100%|HC|  |TAMS 0x0000000081c00000| PB 0x0000000081c00000| Complete 
|  29|0x0000000081d00000, 0x0000000081e00000, 0x0000000081e00000|100%|HC|  |TAMS 0x0000000081d00000| PB 0x0000000081d00000| Complete 
|  30|0x0000000081e00000, 0x0000000081f00000, 0x0000000081f00000|100%|HC|  |TAMS 0x0000000081e00000| PB 0x0000000081e00000| Complete 
|  31|0x0000000081f00000, 0x0000000082000000, 0x0000000082000000|100%|HS|  |TAMS 0x0000000081f00000| PB 0x0000000081f00000| Complete 
|  32|0x0000000082000000, 0x0000000082100000, 0x0000000082100000|100%|HC|  |TAMS 0x0000000082000000| PB 0x0000000082000000| Complete 
|  33|0x0000000082100000, 0x0000000082200000, 0x0000000082200000|100%|HS|  |TAMS 0x0000000082100000| PB 0x0000000082100000| Complete 
|  34|0x0000000082200000, 0x0000000082300000, 0x0000000082300000|100%| O|  |TAMS 0x0000000082200000| PB 0x0000000082200000| Untracked 
|  35|0x0000000082300000, 0x0000000082400000, 0x0000000082400000|100%| O|  |TAMS 0x0000000082300000| PB 0x0000000082300000| Untracked 
|  36|0x0000000082400000, 0x0000000082500000, 0x0000000082500000|100%| O|  |TAMS 0x0000000082400000| PB 0x0000000082400000| Untracked 
|  37|0x0000000082500000, 0x0000000082600000, 0x0000000082600000|100%| O|  |TAMS 0x0000000082500000| PB 0x0000000082500000| Untracked 
|  38|0x0000000082600000, 0x0000000082700000, 0x0000000082700000|100%| O|  |TAMS 0x0000000082600000| PB 0x0000000082600000| Untracked 
|  39|0x0000000082700000, 0x0000000082800000, 0x0000000082800000|100%| O|  |TAMS 0x0000000082700000| PB 0x0000000082700000| Untracked 
|  40|0x0000000082800000, 0x0000000082900000, 0x0000000082900000|100%| O|  |TAMS 0x0000000082800000| PB 0x0000000082800000| Untracked 
|  41|0x0000000082900000, 0x0000000082a00000, 0x0000000082a00000|100%| O|  |TAMS 0x0000000082900000| PB 0x0000000082900000| Untracked 
|  42|0x0000000082a00000, 0x0000000082b00000, 0x0000000082b00000|100%| O|  |TAMS 0x0000000082a00000| PB 0x0000000082a00000| Untracked 
|  43|0x0000000082b00000, 0x0000000082c00000, 0x0000000082c00000|100%| O|  |TAMS 0x0000000082b00000| PB 0x0000000082b00000| Untracked 
|  44|0x0000000082c00000, 0x0000000082d00000, 0x0000000082d00000|100%| O|  |TAMS 0x0000000082c00000| PB 0x0000000082c00000| Untracked 
|  45|0x0000000082d00000, 0x0000000082e00000, 0x0000000082e00000|100%| O|  |TAMS 0x0000000082d00000| PB 0x0000000082d00000| Untracked 
|  46|0x0000000082e00000, 0x0000000082f00000, 0x0000000082f00000|100%| O|  |TAMS 0x0000000082e00000| PB 0x0000000082e00000| Untracked 
|  47|0x0000000082f00000, 0x0000000083000000, 0x0000000083000000|100%| O|  |TAMS 0x0000000082f00000| PB 0x0000000082f00000| Untracked 
|  48|0x0000000083000000, 0x0000000083100000, 0x0000000083100000|100%| O|  |TAMS 0x0000000083000000| PB 0x0000000083000000| Untracked 
|  49|0x0000000083100000, 0x0000000083200000, 0x0000000083200000|100%| O|  |TAMS 0x0000000083100000| PB 0x0000000083100000| Untracked 
|  50|0x0000000083200000, 0x0000000083300000, 0x0000000083300000|100%|HS|  |TAMS 0x0000000083200000| PB 0x0000000083200000| Complete 
|  51|0x0000000083300000, 0x0000000083400000, 0x0000000083400000|100%|HC|  |TAMS 0x0000000083300000| PB 0x0000000083300000| Complete 
|  52|0x0000000083400000, 0x0000000083500000, 0x0000000083500000|100%| O|  |TAMS 0x0000000083400000| PB 0x0000000083400000| Untracked 
|  53|0x0000000083500000, 0x0000000083600000, 0x0000000083600000|100%|HS|  |TAMS 0x0000000083500000| PB 0x0000000083500000| Complete 
|  54|0x0000000083600000, 0x0000000083700000, 0x0000000083700000|100%|HC|  |TAMS 0x0000000083600000| PB 0x0000000083600000| Complete 
|  55|0x0000000083700000, 0x0000000083800000, 0x0000000083800000|100%|HC|  |TAMS 0x0000000083700000| PB 0x0000000083700000| Complete 
|  56|0x0000000083800000, 0x0000000083900000, 0x0000000083900000|100%|HC|  |TAMS 0x0000000083800000| PB 0x0000000083800000| Complete 
|  57|0x0000000083900000, 0x0000000083a00000, 0x0000000083a00000|100%|HC|  |TAMS 0x0000000083900000| PB 0x0000000083900000| Complete 
|  58|0x0000000083a00000, 0x0000000083b00000, 0x0000000083b00000|100%|HC|  |TAMS 0x0000000083a00000| PB 0x0000000083a00000| Complete 
|  59|0x0000000083b00000, 0x0000000083c00000, 0x0000000083c00000|100%|HS|  |TAMS 0x0000000083b00000| PB 0x0000000083b00000| Complete 
|  60|0x0000000083c00000, 0x0000000083d00000, 0x0000000083d00000|100%|HC|  |TAMS 0x0000000083c00000| PB 0x0000000083c00000| Complete 
|  61|0x0000000083d00000, 0x0000000083e00000, 0x0000000083e00000|100%|HC|  |TAMS 0x0000000083d00000| PB 0x0000000083d00000| Complete 
|  62|0x0000000083e00000, 0x0000000083f00000, 0x0000000083f00000|100%|HC|  |TAMS 0x0000000083e00000| PB 0x0000000083e00000| Complete 
|  63|0x0000000083f00000, 0x0000000084000000, 0x0000000084000000|100%|HC|  |TAMS 0x0000000083f00000| PB 0x0000000083f00000| Complete 
|  64|0x0000000084000000, 0x0000000084100000, 0x0000000084100000|100%|HC|  |TAMS 0x0000000084000000| PB 0x0000000084000000| Complete 
|  65|0x0000000084100000, 0x0000000084200000, 0x0000000084200000|100%|HS|  |TAMS 0x0000000084100000| PB 0x0000000084100000| Complete 
|  66|0x0000000084200000, 0x0000000084300000, 0x0000000084300000|100%| O|  |TAMS 0x0000000084200000| PB 0x0000000084200000| Untracked 
|  67|0x0000000084300000, 0x0000000084400000, 0x0000000084400000|100%| O|Cm|TAMS 0x0000000084300000| PB 0x0000000084300000| Complete 
|  68|0x0000000084400000, 0x0000000084500000, 0x0000000084500000|100%| O|  |TAMS 0x0000000084400000| PB 0x0000000084400000| Untracked 
|  69|0x0000000084500000, 0x0000000084600000, 0x0000000084600000|100%| O|  |TAMS 0x0000000084500000| PB 0x0000000084500000| Untracked 
|  70|0x0000000084600000, 0x0000000084700000, 0x0000000084700000|100%| O|  |TAMS 0x0000000084600000| PB 0x0000000084600000| Untracked 
|  71|0x0000000084700000, 0x0000000084800000, 0x0000000084800000|100%| O|  |TAMS 0x0000000084700000| PB 0x0000000084700000| Untracked 
|  72|0x0000000084800000, 0x0000000084900000, 0x0000000084900000|100%| O|  |TAMS 0x0000000084800000| PB 0x0000000084800000| Untracked 
|  73|0x0000000084900000, 0x0000000084a00000, 0x0000000084a00000|100%| O|  |TAMS 0x0000000084900000| PB 0x0000000084900000| Untracked 
|  74|0x0000000084a00000, 0x0000000084b00000, 0x0000000084b00000|100%| O|Cm|TAMS 0x0000000084a00000| PB 0x0000000084a00000| Complete 
|  75|0x0000000084b00000, 0x0000000084c00000, 0x0000000084c00000|100%| O|  |TAMS 0x0000000084b00000| PB 0x0000000084b00000| Untracked 
|  76|0x0000000084c00000, 0x0000000084d00000, 0x0000000084d00000|100%| O|  |TAMS 0x0000000084c00000| PB 0x0000000084c00000| Untracked 
|  77|0x0000000084d00000, 0x0000000084e00000, 0x0000000084e00000|100%| O|  |TAMS 0x0000000084d00000| PB 0x0000000084d00000| Untracked 
|  78|0x0000000084e00000, 0x0000000084f00000, 0x0000000084f00000|100%| O|  |TAMS 0x0000000084e00000| PB 0x0000000084e00000| Untracked 
|  79|0x0000000084f00000, 0x0000000085000000, 0x0000000085000000|100%|HS|  |TAMS 0x0000000084f00000| PB 0x0000000084f00000| Complete 
|  80|0x0000000085000000, 0x0000000085100000, 0x0000000085100000|100%|HS|  |TAMS 0x0000000085000000| PB 0x0000000085000000| Complete 
|  81|0x0000000085100000, 0x0000000085200000, 0x0000000085200000|100%|HC|  |TAMS 0x0000000085100000| PB 0x0000000085100000| Complete 
|  82|0x0000000085200000, 0x0000000085300000, 0x0000000085300000|100%| O|  |TAMS 0x0000000085200000| PB 0x0000000085200000| Untracked 
|  83|0x0000000085300000, 0x0000000085400000, 0x0000000085400000|100%| O|  |TAMS 0x0000000085300000| PB 0x0000000085300000| Untracked 
|  84|0x0000000085400000, 0x0000000085500000, 0x0000000085500000|100%| O|  |TAMS 0x0000000085400000| PB 0x0000000085400000| Untracked 
|  85|0x0000000085500000, 0x0000000085600000, 0x0000000085600000|100%| O|  |TAMS 0x0000000085500000| PB 0x0000000085500000| Untracked 
|  86|0x0000000085600000, 0x0000000085700000, 0x0000000085700000|100%|HS|  |TAMS 0x0000000085600000| PB 0x0000000085600000| Complete 
|  87|0x0000000085700000, 0x0000000085800000, 0x0000000085800000|100%|HS|  |TAMS 0x0000000085700000| PB 0x0000000085700000| Complete 
|  88|0x0000000085800000, 0x0000000085900000, 0x0000000085900000|100%|HS|  |TAMS 0x0000000085800000| PB 0x0000000085800000| Complete 
|  89|0x0000000085900000, 0x0000000085a00000, 0x0000000085a00000|100%|HC|  |TAMS 0x0000000085900000| PB 0x0000000085900000| Complete 
|  90|0x0000000085a00000, 0x0000000085b00000, 0x0000000085b00000|100%|HC|  |TAMS 0x0000000085a00000| PB 0x0000000085a00000| Complete 
|  91|0x0000000085b00000, 0x0000000085c00000, 0x0000000085c00000|100%|HC|  |TAMS 0x0000000085b00000| PB 0x0000000085b00000| Complete 
|  92|0x0000000085c00000, 0x0000000085d00000, 0x0000000085d00000|100%|HS|  |TAMS 0x0000000085c00000| PB 0x0000000085c00000| Complete 
|  93|0x0000000085d00000, 0x0000000085e00000, 0x0000000085e00000|100%| O|  |TAMS 0x0000000085d00000| PB 0x0000000085d00000| Untracked 
|  94|0x0000000085e00000, 0x0000000085f00000, 0x0000000085f00000|100%|HS|  |TAMS 0x0000000085e00000| PB 0x0000000085e00000| Complete 
|  95|0x0000000085f00000, 0x0000000086000000, 0x0000000086000000|100%|HC|  |TAMS 0x0000000085f00000| PB 0x0000000085f00000| Complete 
|  96|0x0000000086000000, 0x0000000086100000, 0x0000000086100000|100%|HS|  |TAMS 0x0000000086000000| PB 0x0000000086000000| Complete 
|  97|0x0000000086100000, 0x0000000086200000, 0x0000000086200000|100%|HS|  |TAMS 0x0000000086100000| PB 0x0000000086100000| Complete 
|  98|0x0000000086200000, 0x0000000086300000, 0x0000000086300000|100%| O|  |TAMS 0x0000000086200000| PB 0x0000000086200000| Untracked 
|  99|0x0000000086300000, 0x0000000086400000, 0x0000000086400000|100%| O|  |TAMS 0x0000000086300000| PB 0x0000000086300000| Untracked 
| 100|0x0000000086400000, 0x0000000086500000, 0x0000000086500000|100%| O|  |TAMS 0x0000000086400000| PB 0x0000000086400000| Untracked 
| 101|0x0000000086500000, 0x00000000865d3698, 0x0000000086600000| 82%| O|  |TAMS 0x0000000086500000| PB 0x0000000086500000| Untracked 
| 102|0x0000000086600000, 0x0000000086700000, 0x0000000086700000|100%|HS|  |TAMS 0x0000000086600000| PB 0x0000000086600000| Complete 
| 103|0x0000000086700000, 0x0000000086800000, 0x0000000086800000|100%|HS|  |TAMS 0x0000000086700000| PB 0x0000000086700000| Complete 
| 104|0x0000000086800000, 0x0000000086900000, 0x0000000086900000|100%|HS|  |TAMS 0x0000000086800000| PB 0x0000000086800000| Complete 
| 105|0x0000000086900000, 0x0000000086a00000, 0x0000000086a00000|100%|HS|  |TAMS 0x0000000086900000| PB 0x0000000086900000| Complete 
| 106|0x0000000086a00000, 0x0000000086b00000, 0x0000000086b00000|100%|HS|  |TAMS 0x0000000086a00000| PB 0x0000000086a00000| Complete 
| 107|0x0000000086b00000, 0x0000000086b00000, 0x0000000086c00000|  0%| F|  |TAMS 0x0000000086b00000| PB 0x0000000086b00000| Untracked 
| 108|0x0000000086c00000, 0x0000000086c00000, 0x0000000086d00000|  0%| F|  |TAMS 0x0000000086c00000| PB 0x0000000086c00000| Untracked 
| 109|0x0000000086d00000, 0x0000000086d00000, 0x0000000086e00000|  0%| F|  |TAMS 0x0000000086d00000| PB 0x0000000086d00000| Untracked 
| 110|0x0000000086e00000, 0x0000000086e00000, 0x0000000086f00000|  0%| F|  |TAMS 0x0000000086e00000| PB 0x0000000086e00000| Untracked 
| 111|0x0000000086f00000, 0x0000000086f00000, 0x0000000087000000|  0%| F|  |TAMS 0x0000000086f00000| PB 0x0000000086f00000| Untracked 
| 112|0x0000000087000000, 0x0000000087000000, 0x0000000087100000|  0%| F|  |TAMS 0x0000000087000000| PB 0x0000000087000000| Untracked 
| 113|0x0000000087100000, 0x0000000087100000, 0x0000000087200000|  0%| F|  |TAMS 0x0000000087100000| PB 0x0000000087100000| Untracked 
| 114|0x0000000087200000, 0x0000000087200000, 0x0000000087300000|  0%| F|  |TAMS 0x0000000087200000| PB 0x0000000087200000| Untracked 
| 115|0x0000000087300000, 0x0000000087300000, 0x0000000087400000|  0%| F|  |TAMS 0x0000000087300000| PB 0x0000000087300000| Untracked 
| 116|0x0000000087400000, 0x0000000087400000, 0x0000000087500000|  0%| F|  |TAMS 0x0000000087400000| PB 0x0000000087400000| Untracked 
| 117|0x0000000087500000, 0x0000000087500000, 0x0000000087600000|  0%| F|  |TAMS 0x0000000087500000| PB 0x0000000087500000| Untracked 
| 118|0x0000000087600000, 0x0000000087600000, 0x0000000087700000|  0%| F|  |TAMS 0x0000000087600000| PB 0x0000000087600000| Untracked 
| 119|0x0000000087700000, 0x0000000087700000, 0x0000000087800000|  0%| F|  |TAMS 0x0000000087700000| PB 0x0000000087700000| Untracked 
| 120|0x0000000087800000, 0x0000000087880000, 0x0000000087900000| 50%| E|  |TAMS 0x0000000087800000| PB 0x0000000087800000| Complete 
| 121|0x0000000087900000, 0x0000000087a00000, 0x0000000087a00000|100%| E|CS|TAMS 0x0000000087900000| PB 0x0000000087900000| Complete 
| 122|0x0000000087a00000, 0x0000000087b00000, 0x0000000087b00000|100%| E|CS|TAMS 0x0000000087a00000| PB 0x0000000087a00000| Complete 
| 123|0x0000000087b00000, 0x0000000087c00000, 0x0000000087c00000|100%| E|CS|TAMS 0x0000000087b00000| PB 0x0000000087b00000| Complete 
| 124|0x0000000087c00000, 0x0000000087d00000, 0x0000000087d00000|100%| E|CS|TAMS 0x0000000087c00000| PB 0x0000000087c00000| Complete 
| 125|0x0000000087d00000, 0x0000000087e00000, 0x0000000087e00000|100%| E|CS|TAMS 0x0000000087d00000| PB 0x0000000087d00000| Complete 
| 126|0x0000000087e00000, 0x0000000087f00000, 0x0000000087f00000|100%| E|CS|TAMS 0x0000000087e00000| PB 0x0000000087e00000| Complete 
| 127|0x0000000087f00000, 0x0000000088000000, 0x0000000088000000|100%| E|CS|TAMS 0x0000000087f00000| PB 0x0000000087f00000| Complete 
| 128|0x0000000088000000, 0x0000000088100000, 0x0000000088100000|100%| E|CS|TAMS 0x0000000088000000| PB 0x0000000088000000| Complete 
| 129|0x0000000088100000, 0x0000000088200000, 0x0000000088200000|100%| E|CS|TAMS 0x0000000088100000| PB 0x0000000088100000| Complete 
| 130|0x0000000088200000, 0x0000000088300000, 0x0000000088300000|100%| E|CS|TAMS 0x0000000088200000| PB 0x0000000088200000| Complete 
| 131|0x0000000088300000, 0x0000000088400000, 0x0000000088400000|100%| E|CS|TAMS 0x0000000088300000| PB 0x0000000088300000| Complete 
| 132|0x0000000088400000, 0x0000000088500000, 0x0000000088500000|100%| E|CS|TAMS 0x0000000088400000| PB 0x0000000088400000| Complete 
| 133|0x0000000088500000, 0x0000000088600000, 0x0000000088600000|100%| E|CS|TAMS 0x0000000088500000| PB 0x0000000088500000| Complete 
| 134|0x0000000088600000, 0x0000000088700000, 0x0000000088700000|100%| E|CS|TAMS 0x0000000088600000| PB 0x0000000088600000| Complete 
| 135|0x0000000088700000, 0x0000000088800000, 0x0000000088800000|100%| S|CS|TAMS 0x0000000088700000| PB 0x0000000088700000| Complete 
| 136|0x0000000088800000, 0x0000000088900000, 0x0000000088900000|100%| S|CS|TAMS 0x0000000088800000| PB 0x0000000088800000| Complete 
| 137|0x0000000088900000, 0x0000000088a00000, 0x0000000088a00000|100%| S|CS|TAMS 0x0000000088900000| PB 0x0000000088900000| Complete 
| 138|0x0000000088a00000, 0x0000000088b00000, 0x0000000088b00000|100%| S|CS|TAMS 0x0000000088a00000| PB 0x0000000088a00000| Complete 
| 139|0x0000000088b00000, 0x0000000088c00000, 0x0000000088c00000|100%| S|CS|TAMS 0x0000000088b00000| PB 0x0000000088b00000| Complete 
| 140|0x0000000088c00000, 0x0000000088d00000, 0x0000000088d00000|100%| E|CS|TAMS 0x0000000088c00000| PB 0x0000000088c00000| Complete 
| 141|0x0000000088d00000, 0x0000000088e00000, 0x0000000088e00000|100%| E|CS|TAMS 0x0000000088d00000| PB 0x0000000088d00000| Complete 
| 142|0x0000000088e00000, 0x0000000088f00000, 0x0000000088f00000|100%| E|CS|TAMS 0x0000000088e00000| PB 0x0000000088e00000| Complete 
| 143|0x0000000088f00000, 0x0000000089000000, 0x0000000089000000|100%| E|CS|TAMS 0x0000000088f00000| PB 0x0000000088f00000| Complete 
| 144|0x0000000089000000, 0x0000000089100000, 0x0000000089100000|100%| E|CS|TAMS 0x0000000089000000| PB 0x0000000089000000| Complete 
| 145|0x0000000089100000, 0x0000000089200000, 0x0000000089200000|100%| E|CS|TAMS 0x0000000089100000| PB 0x0000000089100000| Complete 
| 146|0x0000000089200000, 0x0000000089300000, 0x0000000089300000|100%| E|CS|TAMS 0x0000000089200000| PB 0x0000000089200000| Complete 
| 147|0x0000000089300000, 0x0000000089400000, 0x0000000089400000|100%| E|CS|TAMS 0x0000000089300000| PB 0x0000000089300000| Complete 
| 148|0x0000000089400000, 0x0000000089500000, 0x0000000089500000|100%| E|CS|TAMS 0x0000000089400000| PB 0x0000000089400000| Complete 
| 149|0x0000000089500000, 0x0000000089600000, 0x0000000089600000|100%| E|CS|TAMS 0x0000000089500000| PB 0x0000000089500000| Complete 
| 150|0x0000000089600000, 0x0000000089700000, 0x0000000089700000|100%| E|CS|TAMS 0x0000000089600000| PB 0x0000000089600000| Complete 
| 151|0x0000000089700000, 0x0000000089800000, 0x0000000089800000|100%| E|CS|TAMS 0x0000000089700000| PB 0x0000000089700000| Complete 
| 152|0x0000000089800000, 0x0000000089900000, 0x0000000089900000|100%| E|CS|TAMS 0x0000000089800000| PB 0x0000000089800000| Complete 
| 153|0x0000000089900000, 0x0000000089a00000, 0x0000000089a00000|100%| E|CS|TAMS 0x0000000089900000| PB 0x0000000089900000| Complete 
| 154|0x0000000089a00000, 0x0000000089b00000, 0x0000000089b00000|100%| E|CS|TAMS 0x0000000089a00000| PB 0x0000000089a00000| Complete 
| 155|0x0000000089b00000, 0x0000000089c00000, 0x0000000089c00000|100%| E|CS|TAMS 0x0000000089b00000| PB 0x0000000089b00000| Complete 
| 156|0x0000000089c00000, 0x0000000089d00000, 0x0000000089d00000|100%| E|CS|TAMS 0x0000000089c00000| PB 0x0000000089c00000| Complete 
| 157|0x0000000089d00000, 0x0000000089e00000, 0x0000000089e00000|100%| E|CS|TAMS 0x0000000089d00000| PB 0x0000000089d00000| Complete 
| 158|0x0000000089e00000, 0x0000000089f00000, 0x0000000089f00000|100%| E|CS|TAMS 0x0000000089e00000| PB 0x0000000089e00000| Complete 
| 159|0x0000000089f00000, 0x000000008a000000, 0x000000008a000000|100%| E|CS|TAMS 0x0000000089f00000| PB 0x0000000089f00000| Complete 
| 160|0x000000008a000000, 0x000000008a100000, 0x000000008a100000|100%| E|CS|TAMS 0x000000008a000000| PB 0x000000008a000000| Complete 
| 161|0x000000008a100000, 0x000000008a200000, 0x000000008a200000|100%| E|CS|TAMS 0x000000008a100000| PB 0x000000008a100000| Complete 
| 162|0x000000008a200000, 0x000000008a300000, 0x000000008a300000|100%| E|CS|TAMS 0x000000008a200000| PB 0x000000008a200000| Complete 
| 163|0x000000008a300000, 0x000000008a400000, 0x000000008a400000|100%| E|CS|TAMS 0x000000008a300000| PB 0x000000008a300000| Complete 
| 164|0x000000008a400000, 0x000000008a500000, 0x000000008a500000|100%| E|CS|TAMS 0x000000008a400000| PB 0x000000008a400000| Complete 
| 165|0x000000008a500000, 0x000000008a600000, 0x000000008a600000|100%| E|CS|TAMS 0x000000008a500000| PB 0x000000008a500000| Complete 
| 166|0x000000008a600000, 0x000000008a700000, 0x000000008a700000|100%| E|CS|TAMS 0x000000008a600000| PB 0x000000008a600000| Complete 
| 167|0x000000008a700000, 0x000000008a800000, 0x000000008a800000|100%| E|CS|TAMS 0x000000008a700000| PB 0x000000008a700000| Complete 
| 168|0x000000008a800000, 0x000000008a900000, 0x000000008a900000|100%| E|CS|TAMS 0x000000008a800000| PB 0x000000008a800000| Complete 
| 169|0x000000008a900000, 0x000000008aa00000, 0x000000008aa00000|100%| E|CS|TAMS 0x000000008a900000| PB 0x000000008a900000| Complete 
| 170|0x000000008aa00000, 0x000000008ab00000, 0x000000008ab00000|100%| E|CS|TAMS 0x000000008aa00000| PB 0x000000008aa00000| Complete 
| 171|0x000000008ab00000, 0x000000008ac00000, 0x000000008ac00000|100%| E|CS|TAMS 0x000000008ab00000| PB 0x000000008ab00000| Complete 
| 172|0x000000008ac00000, 0x000000008ad00000, 0x000000008ad00000|100%| E|CS|TAMS 0x000000008ac00000| PB 0x000000008ac00000| Complete 
| 173|0x000000008ad00000, 0x000000008ae00000, 0x000000008ae00000|100%| E|CS|TAMS 0x000000008ad00000| PB 0x000000008ad00000| Complete 
| 174|0x000000008ae00000, 0x000000008af00000, 0x000000008af00000|100%| E|CS|TAMS 0x000000008ae00000| PB 0x000000008ae00000| Complete 
| 175|0x000000008af00000, 0x000000008b000000, 0x000000008b000000|100%| E|  |TAMS 0x000000008af00000| PB 0x000000008af00000| Complete 
|2042|0x00000000ffa00000, 0x00000000ffb00000, 0x00000000ffb00000|100%| O|Cm|TAMS 0x00000000ffa00000| PB 0x00000000ffa00000| Complete 
|2043|0x00000000ffb00000, 0x00000000ffc00000, 0x00000000ffc00000|100%| O|  |TAMS 0x00000000ffb00000| PB 0x00000000ffb00000| Untracked 
|2044|0x00000000ffc00000, 0x00000000ffd00000, 0x00000000ffd00000|100%| O|  |TAMS 0x00000000ffc00000| PB 0x00000000ffc00000| Untracked 
|2045|0x00000000ffd00000, 0x00000000ffe00000, 0x00000000ffe00000|100%| O|  |TAMS 0x00000000ffd00000| PB 0x00000000ffd00000| Untracked 
|2046|0x00000000ffe00000, 0x00000000fff00000, 0x00000000fff00000|100%| O|  |TAMS 0x00000000ffe00000| PB 0x00000000ffe00000| Untracked 
|2047|0x00000000fff00000, 0x0000000100000000, 0x0000000100000000|100%| O|  |TAMS 0x00000000fff00000| PB 0x00000000fff00000| Untracked 

Card table byte_map: [0x000001db38660000,0x000001db38a60000] _byte_map_base: 0x000001db38260000

Marking Bits: (CMBitMap*) 0x000001db2615d1b0
 Bits: [0x000001db38a60000, 0x000001db3aa60000)

Polling page: 0x000001db24100000

Metaspace:

Usage:
  Non-class:     70.03 MB used.
      Class:     10.75 MB used.
       Both:     80.79 MB used.

Virtual space:
  Non-class space:      128.00 MB reserved,      71.06 MB ( 56%) committed,  2 nodes.
      Class space:        1.00 GB reserved,      11.75 MB (  1%) committed,  1 nodes.
             Both:        1.12 GB reserved,      82.81 MB (  7%) committed. 

Chunk freelists:
   Non-Class:  8.03 MB
       Class:  4.08 MB
        Both:  12.11 MB

MaxMetaspaceSize: unlimited
CompressedClassSpaceSize: 1.00 GB
Initial GC threshold: 21.00 MB
Current GC threshold: 125.56 MB
CDS: off
 - commit_granule_bytes: 65536.
 - commit_granule_words: 8192.
 - virtual_space_node_default_size: 8388608.
 - enlarge_chunks_in_place: 1.
 - use_allocation_guard: 0.


Internal statistics:

num_allocs_failed_limit: 3.
num_arena_births: 3650.
num_arena_deaths: 0.
num_vsnodes_births: 3.
num_vsnodes_deaths: 0.
num_space_committed: 1325.
num_space_uncommitted: 0.
num_chunks_returned_to_freelist: 3.
num_chunks_taken_from_freelist: 7125.
num_chunk_merges: 3.
num_chunk_splits: 4611.
num_chunks_enlarged: 2832.
num_inconsistent_stats: 0.

CodeHeap 'non-profiled nmethods': size=120064Kb used=5151Kb max_used=5151Kb free=114912Kb
 bounds [0x000001db30d20000, 0x000001db31230000, 0x000001db38260000]
CodeHeap 'profiled nmethods': size=120000Kb used=15418Kb max_used=15418Kb free=104581Kb
 bounds [0x000001db29260000, 0x000001db2a170000, 0x000001db30790000]
CodeHeap 'non-nmethods': size=5696Kb used=2763Kb max_used=2827Kb free=2932Kb
 bounds [0x000001db30790000, 0x000001db30a70000, 0x000001db30d20000]
 total_blobs=9385 nmethods=8479 adapters=809
 compilation: enabled
              stopped_count=0, restarted_count=0
 full_count=0

Compilation events (20 events):
Event: 208.727 Thread 0x000001db4104f380 9953       3       sun.reflect.generics.parser.SignatureParser::parseSuperInterfaces (51 bytes)
Event: 208.728 Thread 0x000001db4104f380 nmethod 9953 0x000001db2a169290 code [0x000001db2a1694e0, 0x000001db2a169d28]
Event: 208.728 Thread 0x000001db4104f380 9954       3       sun.reflect.generics.tree.ClassSignature::make (11 bytes)
Event: 208.728 Thread 0x000001db4104f380 nmethod 9954 0x000001db2a16a010 code [0x000001db2a16a1c0, 0x000001db2a16a4d0]
Event: 208.728 Thread 0x000001db4104f380 9955       3       sun.reflect.generics.tree.ClassSignature::<init> (20 bytes)
Event: 208.728 Thread 0x000001db4104f380 nmethod 9955 0x000001db2a16a610 code [0x000001db2a16a7c0, 0x000001db2a16aa40]
Event: 208.732 Thread 0x000001db4104f380 9956       3       org.gradle.internal.ImmutableActionSet::<init> (5 bytes)
Event: 208.732 Thread 0x000001db4104f380 nmethod 9956 0x000001db2a16ab10 code [0x000001db2a16acc0, 0x000001db2a16ae28]
Event: 208.733 Thread 0x000001db4104f380 9957       1       org.gradle.api.internal.collections.AbstractIterationOrderRetainingElementSource::getLazyBehaviorGuard (5 bytes)
Event: 208.733 Thread 0x000001db4104f380 nmethod 9957 0x000001db31227990 code [0x000001db31227b20, 0x000001db31227be8]
Event: 208.733 Thread 0x000001db4104f380 9958       3       java.util.WeakHashMap::get (75 bytes)
Event: 208.734 Thread 0x000001db4104f380 nmethod 9958 0x000001db2a16af10 code [0x000001db2a16b140, 0x000001db2a16b9b0]
Event: 208.737 Thread 0x000001db4104f380 9959       3       com.google.common.collect.Platform::newLinkedHashMapWithExpectedSize (5 bytes)
Event: 208.737 Thread 0x000001db4104f380 nmethod 9959 0x000001db2a16bd10 code [0x000001db2a16bf00, 0x000001db2a16c208]
Event: 208.744 Thread 0x000001db4104f380 9960       3       com.google.common.collect.LinkedHashMultimap::create (11 bytes)
Event: 208.745 Thread 0x000001db4104f380 nmethod 9960 0x000001db2a16c390 code [0x000001db2a16c540, 0x000001db2a16c6d0]
Event: 208.745 Thread 0x000001db4104f380 9961       3       com.google.common.collect.LinkedHashMultimapGwtSerializationDependencies::<init> (6 bytes)
Event: 208.745 Thread 0x000001db4104f380 nmethod 9961 0x000001db2a16c790 code [0x000001db2a16c980, 0x000001db2a16ce88]
Event: 208.745 Thread 0x000001db4104f380 9962       3       com.google.common.collect.LinkedHashMultimap$ValueEntry::newHeader (12 bytes)
Event: 208.746 Thread 0x000001db4104f380 nmethod 9962 0x000001db2a16d090 code [0x000001db2a16d240, 0x000001db2a16d510]

GC Heap History (20 events):
Event: 115.819 GC heap before
{Heap before GC invocations=26 (full 0):
 garbage-first heap   total 130048K, used 89296K [0x0000000080000000, 0x0000000100000000)
  region size 1024K, 16 young (16384K), 3 survivors (3072K)
 Metaspace       used 62157K, committed 63936K, reserved 1114112K
  class space    used 8303K, committed 9152K, reserved 1048576K
}
Event: 115.828 GC heap after
{Heap after GC invocations=27 (full 0):
 garbage-first heap   total 130048K, used 78035K [0x0000000080000000, 0x0000000100000000)
  region size 1024K, 1 young (1024K), 1 survivors (1024K)
 Metaspace       used 62157K, committed 63936K, reserved 1114112K
  class space    used 8303K, committed 9152K, reserved 1048576K
}
Event: 129.917 GC heap before
{Heap before GC invocations=27 (full 0):
 garbage-first heap   total 130048K, used 116947K [0x0000000080000000, 0x0000000100000000)
  region size 1024K, 39 young (39936K), 1 survivors (1024K)
 Metaspace       used 66400K, committed 68160K, reserved 1114112K
  class space    used 8992K, committed 9856K, reserved 1048576K
}
Event: 129.925 GC heap after
{Heap after GC invocations=28 (full 0):
 garbage-first heap   total 130048K, used 79562K [0x0000000080000000, 0x0000000100000000)
  region size 1024K, 4 young (4096K), 4 survivors (4096K)
 Metaspace       used 66400K, committed 68160K, reserved 1114112K
  class space    used 8992K, committed 9856K, reserved 1048576K
}
Event: 147.535 GC heap before
{Heap before GC invocations=28 (full 0):
 garbage-first heap   total 130048K, used 117450K [0x0000000080000000, 0x0000000100000000)
  region size 1024K, 41 young (41984K), 4 survivors (4096K)
 Metaspace       used 68591K, committed 70400K, reserved 1114112K
  class space    used 9233K, committed 10112K, reserved 1048576K
}
Event: 147.552 GC heap after
{Heap after GC invocations=29 (full 0):
 garbage-first heap   total 130048K, used 84992K [0x0000000080000000, 0x0000000100000000)
  region size 1024K, 6 young (6144K), 6 survivors (6144K)
 Metaspace       used 68591K, committed 70400K, reserved 1114112K
  class space    used 9233K, committed 10112K, reserved 1048576K
}
Event: 150.717 GC heap before
{Heap before GC invocations=30 (full 0):
 garbage-first heap   total 142336K, used 114688K [0x0000000080000000, 0x0000000100000000)
  region size 1024K, 36 young (36864K), 6 survivors (6144K)
 Metaspace       used 68793K, committed 70592K, reserved 1114112K
  class space    used 9234K, committed 10112K, reserved 1048576K
}
Event: 150.733 GC heap after
{Heap after GC invocations=31 (full 0):
 garbage-first heap   total 142336K, used 89023K [0x0000000080000000, 0x0000000100000000)
  region size 1024K, 4 young (4096K), 4 survivors (4096K)
 Metaspace       used 68793K, committed 70592K, reserved 1114112K
  class space    used 9234K, committed 10112K, reserved 1048576K
}
Event: 156.285 GC heap before
{Heap before GC invocations=31 (full 0):
 garbage-first heap   total 142336K, used 127935K [0x0000000080000000, 0x0000000100000000)
  region size 1024K, 42 young (43008K), 4 survivors (4096K)
 Metaspace       used 68965K, committed 70784K, reserved 1114112K
  class space    used 9234K, committed 10112K, reserved 1048576K
}
Event: 156.296 GC heap after
{Heap after GC invocations=32 (full 0):
 garbage-first heap   total 142336K, used 88964K [0x0000000080000000, 0x0000000100000000)
  region size 1024K, 4 young (4096K), 4 survivors (4096K)
 Metaspace       used 68965K, committed 70784K, reserved 1114112K
  class space    used 9234K, committed 10112K, reserved 1048576K
}
Event: 161.435 GC heap before
{Heap before GC invocations=32 (full 0):
 garbage-first heap   total 142336K, used 129924K [0x0000000080000000, 0x0000000100000000)
  region size 1024K, 44 young (45056K), 4 survivors (4096K)
 Metaspace       used 68981K, committed 70784K, reserved 1114112K
  class space    used 9235K, committed 10112K, reserved 1048576K
}
Event: 161.455 GC heap after
{Heap after GC invocations=33 (full 0):
 garbage-first heap   total 142336K, used 90222K [0x0000000080000000, 0x0000000100000000)
  region size 1024K, 4 young (4096K), 4 survivors (4096K)
 Metaspace       used 68981K, committed 70784K, reserved 1114112K
  class space    used 9235K, committed 10112K, reserved 1048576K
}
Event: 164.782 GC heap before
{Heap before GC invocations=34 (full 0):
 garbage-first heap   total 150528K, used 127086K [0x0000000080000000, 0x0000000100000000)
  region size 1024K, 42 young (43008K), 4 survivors (4096K)
 Metaspace       used 68988K, committed 70784K, reserved 1114112K
  class space    used 9236K, committed 10112K, reserved 1048576K
}
Event: 164.791 GC heap after
{Heap after GC invocations=35 (full 0):
 garbage-first heap   total 150528K, used 90240K [0x0000000080000000, 0x0000000100000000)
  region size 1024K, 4 young (4096K), 4 survivors (4096K)
 Metaspace       used 68988K, committed 70784K, reserved 1114112K
  class space    used 9236K, committed 10112K, reserved 1048576K
}
Event: 180.912 GC heap before
{Heap before GC invocations=35 (full 0):
 garbage-first heap   total 150528K, used 148608K [0x0000000080000000, 0x0000000100000000)
  region size 1024K, 47 young (48128K), 4 survivors (4096K)
 Metaspace       used 71241K, committed 73216K, reserved 1114112K
  class space    used 9527K, committed 10496K, reserved 1048576K
}
Event: 180.926 GC heap after
{Heap after GC invocations=36 (full 0):
 garbage-first heap   total 161792K, used 109947K [0x0000000080000000, 0x0000000100000000)
  region size 1024K, 7 young (7168K), 7 survivors (7168K)
 Metaspace       used 71241K, committed 73216K, reserved 1114112K
  class space    used 9527K, committed 10496K, reserved 1048576K
}
Event: 189.860 GC heap before
{Heap before GC invocations=36 (full 0):
 garbage-first heap   total 161792K, used 143739K [0x0000000080000000, 0x0000000100000000)
  region size 1024K, 41 young (41984K), 7 survivors (7168K)
 Metaspace       used 75210K, committed 77056K, reserved 1179648K
  class space    used 9968K, committed 10880K, reserved 1048576K
}
Event: 189.868 GC heap after
{Heap after GC invocations=37 (full 0):
 garbage-first heap   total 161792K, used 111437K [0x0000000080000000, 0x0000000100000000)
  region size 1024K, 1 young (1024K), 1 survivors (1024K)
 Metaspace       used 75210K, committed 77056K, reserved 1179648K
  class space    used 9968K, committed 10880K, reserved 1048576K
}
Event: 202.860 GC heap before
{Heap before GC invocations=38 (full 0):
 garbage-first heap   total 186368K, used 149325K [0x0000000080000000, 0x0000000100000000)
  region size 1024K, 37 young (37888K), 1 survivors (1024K)
 Metaspace       used 79126K, committed 81216K, reserved 1179648K
  class space    used 10540K, committed 11584K, reserved 1048576K
}
Event: 202.871 GC heap after
{Heap after GC invocations=39 (full 0):
 garbage-first heap   total 186368K, used 116557K [0x0000000080000000, 0x0000000100000000)
  region size 1024K, 5 young (5120K), 5 survivors (5120K)
 Metaspace       used 79126K, committed 81216K, reserved 1179648K
  class space    used 10540K, committed 11584K, reserved 1048576K
}

Dll operation events (3 events):
Event: 0.122 Loaded shared library C:\Program Files\Android\Android Studio1\jbr\bin\java.dll
Event: 0.135 Loaded shared library C:\Program Files\Android\Android Studio1\jbr\bin\zip.dll
Event: 3.847 Loaded shared library C:\Program Files\Android\Android Studio1\jbr\bin\verify.dll

Deoptimization events (20 events):
Event: 206.223 Thread 0x000001db42c6b990 Uncommon trap: trap_request=0xffffff45 fr.pc=0x000001db30de6288 relative=0x0000000000000068
Event: 206.223 Thread 0x000001db42c6b990 Uncommon trap: reason=unstable_if action=reinterpret pc=0x000001db30de6288 method=java.util.regex.Pattern.has(I)Z @ 6 c2
Event: 206.224 Thread 0x000001db42c6b990 DEOPT PACKING pc=0x000001db30de6288 sp=0x0000006aef1f5000
Event: 206.224 Thread 0x000001db42c6b990 DEOPT UNPACKING pc=0x000001db307e46a2 sp=0x0000006aef1f4f90 mode 2
Event: 206.528 Thread 0x000001db42c6b990 Uncommon trap: trap_request=0xffffffc6 fr.pc=0x000001db31101c48 relative=0x0000000000000068
Event: 206.528 Thread 0x000001db42c6b990 Uncommon trap: reason=bimorphic_or_optimized_type_check action=maybe_recompile pc=0x000001db31101c48 method=java.util.AbstractQueue.add(Ljava/lang/Object;)Z @ 2 c2
Event: 206.528 Thread 0x000001db42c6b990 DEOPT PACKING pc=0x000001db31101c48 sp=0x0000006aef1f61f0
Event: 206.528 Thread 0x000001db42c6b990 DEOPT UNPACKING pc=0x000001db307e46a2 sp=0x0000006aef1f61b8 mode 2
Event: 206.528 Thread 0x000001db42c6b990 Uncommon trap: trap_request=0xffffffc6 fr.pc=0x000001db31101c48 relative=0x0000000000000068
Event: 206.528 Thread 0x000001db42c6b990 Uncommon trap: reason=bimorphic_or_optimized_type_check action=maybe_recompile pc=0x000001db31101c48 method=java.util.AbstractQueue.add(Ljava/lang/Object;)Z @ 2 c2
Event: 206.528 Thread 0x000001db42c6b990 DEOPT PACKING pc=0x000001db31101c48 sp=0x0000006aef1f61f0
Event: 206.528 Thread 0x000001db42c6b990 DEOPT UNPACKING pc=0x000001db307e46a2 sp=0x0000006aef1f61b8 mode 2
Event: 206.820 Thread 0x000001db42c6b990 Uncommon trap: trap_request=0xffffffc6 fr.pc=0x000001db31101c48 relative=0x0000000000000068
Event: 206.820 Thread 0x000001db42c6b990 Uncommon trap: reason=bimorphic_or_optimized_type_check action=maybe_recompile pc=0x000001db31101c48 method=java.util.AbstractQueue.add(Ljava/lang/Object;)Z @ 2 c2
Event: 206.820 Thread 0x000001db42c6b990 DEOPT PACKING pc=0x000001db31101c48 sp=0x0000006aef1f5ae0
Event: 206.821 Thread 0x000001db42c6b990 DEOPT UNPACKING pc=0x000001db307e46a2 sp=0x0000006aef1f5aa8 mode 2
Event: 206.821 Thread 0x000001db42c6b990 Uncommon trap: trap_request=0xffffffc6 fr.pc=0x000001db31101c48 relative=0x0000000000000068
Event: 206.821 Thread 0x000001db42c6b990 Uncommon trap: reason=bimorphic_or_optimized_type_check action=maybe_recompile pc=0x000001db31101c48 method=java.util.AbstractQueue.add(Ljava/lang/Object;)Z @ 2 c2
Event: 206.821 Thread 0x000001db42c6b990 DEOPT PACKING pc=0x000001db31101c48 sp=0x0000006aef1f5ae0
Event: 206.821 Thread 0x000001db42c6b990 DEOPT UNPACKING pc=0x000001db307e46a2 sp=0x0000006aef1f5aa8 mode 2

Classes loaded (20 events):
Event: 202.110 Loading class javax/crypto/SecretKey
Event: 202.110 Loading class javax/crypto/SecretKey done
Event: 202.113 Loading class java/util/Base64
Event: 202.119 Loading class java/util/Base64 done
Event: 202.119 Loading class java/util/Base64$Decoder
Event: 202.120 Loading class java/util/Base64$Decoder done
Event: 202.120 Loading class java/util/Base64$Encoder
Event: 202.121 Loading class java/util/Base64$Encoder done
Event: 202.128 Loading class java/util/jar/JarVerifier$VerifierStream
Event: 202.135 Loading class java/util/jar/JarVerifier$VerifierStream done
Event: 202.135 Loading class sun/security/util/ManifestEntryVerifier$SunProviderHolder
Event: 202.135 Loading class sun/security/util/ManifestEntryVerifier$SunProviderHolder done
Event: 203.678 Loading class java/security/KeyStore$ProtectionParameter
Event: 203.678 Loading class java/security/KeyStore$ProtectionParameter done
Event: 206.486 Loading class java/lang/foreign/ValueLayout
Event: 206.486 Loading class java/lang/foreign/MemoryLayout
Event: 206.486 Loading class java/lang/foreign/MemoryLayout done
Event: 206.487 Loading class java/lang/foreign/ValueLayout done
Event: 208.138 Loading class java/security/KeyStore
Event: 208.139 Loading class java/security/KeyStore done

Classes unloaded (0 events):
No events

Classes redefined (0 events):
No events

Internal exceptions (20 events):
Event: 165.383 Thread 0x000001db42c6b990 Exception <a 'java/lang/ClassNotFoundException'{0x0000000088b992e8}: build_czjtuoh72687v2mr827e55r6pCustomizer> (0x0000000088b992e8) 
thrown [s\src\hotspot\share\classfile\systemDictionary.cpp, line 312]
Event: 165.400 Thread 0x000001db42c6b990 Exception <a 'java/lang/NoSuchMethodError'{0x0000000088bc0130}: 'java.lang.Object java.lang.invoke.DirectMethodHandle$Holder.invokeInterface(java.lang.Object, java.lang.Object, java.lang.Object, java.lang.Object, java.lang.Object)'> (0x0000000088bc0130) 
thrown [s\src\hotspot\share\interpreter\linkResolver.cpp, line 784]
Event: 173.880 Thread 0x000001db42c6b990 Exception <a 'java/lang/ClassNotFoundException'{0x0000000087e6e560}: org/gradle/api/tasks/Delete_DecoratedBeanInfo> (0x0000000087e6e560) 
thrown [s\src\hotspot\share\classfile\systemDictionary.cpp, line 312]
Event: 173.882 Thread 0x000001db42c6b990 Exception <a 'java/lang/ClassNotFoundException'{0x0000000087e82ce8}: org/gradle/api/tasks/DeleteBeanInfo> (0x0000000087e82ce8) 
thrown [s\src\hotspot\share\classfile\systemDictionary.cpp, line 312]
Event: 173.884 Thread 0x000001db42c6b990 Exception <a 'java/lang/ClassNotFoundException'{0x0000000087e97a08}: org/gradle/api/internal/ConventionTaskBeanInfo> (0x0000000087e97a08) 
thrown [s\src\hotspot\share\classfile\systemDictionary.cpp, line 312]
Event: 173.889 Thread 0x000001db42c6b990 Exception <a 'java/lang/ClassNotFoundException'{0x0000000087eac5a0}: org/gradle/api/DefaultTaskBeanInfo> (0x0000000087eac5a0) 
thrown [s\src\hotspot\share\classfile\systemDictionary.cpp, line 312]
Event: 173.898 Thread 0x000001db42c6b990 Exception <a 'java/lang/ClassNotFoundException'{0x0000000087ec14d8}: org/gradle/api/internal/AbstractTaskBeanInfo> (0x0000000087ec14d8) 
thrown [s\src\hotspot\share\classfile\systemDictionary.cpp, line 312]
Event: 173.914 Thread 0x000001db42c6b990 Exception <a 'java/lang/ClassNotFoundException'{0x0000000087ed6a68}: org/gradle/api/internal/AbstractTaskCustomizer> (0x0000000087ed6a68) 
thrown [s\src\hotspot\share\classfile\systemDictionary.cpp, line 312]
Event: 173.940 Thread 0x000001db42c6b990 Exception <a 'java/lang/ClassNotFoundException'{0x0000000087d40eb0}: org/gradle/api/DefaultTaskCustomizer> (0x0000000087d40eb0) 
thrown [s\src\hotspot\share\classfile\systemDictionary.cpp, line 312]
Event: 174.313 Thread 0x000001db42c6b990 Exception <a 'java/lang/ClassNotFoundException'{0x0000000087db3010}: org/gradle/api/internal/ConventionTaskCustomizer> (0x0000000087db3010) 
thrown [s\src\hotspot\share\classfile\systemDictionary.cpp, line 312]
Event: 174.314 Thread 0x000001db42c6b990 Exception <a 'java/lang/ClassNotFoundException'{0x0000000087dd6378}: org/gradle/api/tasks/DeleteCustomizer> (0x0000000087dd6378) 
thrown [s\src\hotspot\share\classfile\systemDictionary.cpp, line 312]
Event: 174.316 Thread 0x000001db42c6b990 Exception <a 'java/lang/ClassNotFoundException'{0x0000000087dfe5f0}: org/gradle/api/tasks/Delete_DecoratedCustomizer> (0x0000000087dfe5f0) 
thrown [s\src\hotspot\share\classfile\systemDictionary.cpp, line 312]
Event: 174.349 Thread 0x000001db42c6b990 Exception <a 'java/lang/NoSuchMethodError'{0x0000000087c86400}: 'void java.lang.invoke.DirectMethodHandle$Holder.invokeInterface(java.lang.Object, java.lang.Object, java.lang.Object, java.lang.Object)'> (0x0000000087c86400) 
thrown [s\src\hotspot\share\interpreter\linkResolver.cpp, line 784]
Event: 176.814 Thread 0x000001db42c6b990 Exception <a 'java/lang/ClassNotFoundException'{0x0000000087bdec90}: build_17ta5v2vmyvw4vuhnbdeggkf8BeanInfo> (0x0000000087bdec90) 
thrown [s\src\hotspot\share\classfile\systemDictionary.cpp, line 312]
Event: 176.814 Thread 0x000001db42c6b990 Exception <a 'java/lang/ClassNotFoundException'{0x0000000087be6148}: build_17ta5v2vmyvw4vuhnbdeggkf8Customizer> (0x0000000087be6148) 
thrown [s\src\hotspot\share\classfile\systemDictionary.cpp, line 312]
Event: 185.612 Thread 0x000001db42c6b990 Exception <a 'java/lang/NoSuchMethodError'{0x0000000088061a80}: 'int java.lang.invoke.DirectMethodHandle$Holder.invokeSpecialIFC(java.lang.Object, java.lang.Object, java.lang.Object, java.lang.Object, java.lang.Object)'> (0x0000000088061a80) 
thrown [s\src\hotspot\share\interpreter\linkResolver.cpp, line 784]
Event: 198.628 Thread 0x000001db42c6b990 Exception <a 'java/lang/NoSuchMethodError'{0x000000008a2d6860}: 'java.lang.Object java.lang.invoke.DirectMethodHandle$Holder.newInvokeSpecial(java.lang.Object, java.lang.Object, java.lang.Object, java.lang.Object, java.lang.Object, java.lang.Object, java.lang.Object, java.lang.Object, java.lang.Object, java.lang.Object, java.lang.Object, java.lang.Object, java.lang.Object, java.lang.Object, java.lang.Object, java.lang.Object)'> (0x000000008a2d6860) 
thrown [s\src\hotspot\share\interpreter\linkResolver.cpp,
Event: 198.629 Thread 0x000001db42c6b990 Exception <a 'java/lang/NoSuchMethodError'{0x000000008a2dd788}: 'java.lang.Object java.lang.invoke.DirectMethodHandle$Holder.invokeSpecial(java.lang.Object, java.lang.Object, java.lang.Object, java.lang.Object, java.lang.Object, java.lang.Object, java.lang.Object, java.lang.Object, java.lang.Object, java.lang.Object, java.lang.Object, java.lang.Object, java.lang.Object, java.lang.Object, java.lang.Object, java.lang.Object, java.lang.Object)'> (0x000000008a2dd788) 
thrown [s\src\hotspot\share\interpreter\li
Event: 198.641 Thread 0x000001db42c6b990 Exception <a 'java/lang/NoSuchMethodError'{0x000000008a2e3618}: 'java.lang.Object java.lang.invoke.DelegatingMethodHandle$Holder.reinvoke_L(java.lang.Object, java.lang.Object, java.lang.Object, java.lang.Object, java.lang.Object, java.lang.Object, java.lang.Object, java.lang.Object, java.lang.Object, java.lang.Object, java.lang.Object, java.lang.Object, java.lang.Object, java.lang.Object, java.lang.Object, java.lang.Object)'> (0x000000008a2e3618) 
thrown [s\src\hotspot\share\interpreter\linkResolver.cpp, l
Event: 199.679 Thread 0x000001db42c6b990 Exception <a 'java/lang/NoSuchMethodError'{0x0000000089ca2e98}: 'void java.lang.invoke.DirectMethodHandle$Holder.invokeVirtual(java.lang.Object, java.lang.Object)'> (0x0000000089ca2e98) 
thrown [s\src\hotspot\share\interpreter\linkResolver.cpp, line 784]

ZGC Phase Switch (0 events):
No events

VM Operations (20 events):
Event: 200.904 Executing VM operation: Cleanup
Event: 201.270 Executing VM operation: Cleanup done
Event: 201.304 Executing VM operation: HandshakeAllThreads (Deoptimize)
Event: 201.304 Executing VM operation: HandshakeAllThreads (Deoptimize) done
Event: 201.824 Executing VM operation: HandshakeAllThreads (Deoptimize)
Event: 201.824 Executing VM operation: HandshakeAllThreads (Deoptimize) done
Event: 201.826 Executing VM operation: HandshakeAllThreads (Deoptimize)
Event: 201.826 Executing VM operation: HandshakeAllThreads (Deoptimize) done
Event: 202.834 Executing VM operation: Cleanup
Event: 202.853 Executing VM operation: Cleanup done
Event: 202.860 Executing VM operation: G1CollectForAllocation (G1 Evacuation Pause)
Event: 202.871 Executing VM operation: G1CollectForAllocation (G1 Evacuation Pause) done
Event: 203.874 Executing VM operation: Cleanup
Event: 203.875 Executing VM operation: Cleanup done
Event: 204.882 Executing VM operation: Cleanup
Event: 204.898 Executing VM operation: Cleanup done
Event: 206.914 Executing VM operation: Cleanup
Event: 206.928 Executing VM operation: Cleanup done
Event: 207.933 Executing VM operation: Cleanup
Event: 207.949 Executing VM operation: Cleanup done

Memory protections (0 events):
No events

Nmethod flushes (20 events):
Event: 190.063 Thread 0x000001db3cd55710 flushing  nmethod 0x000001db29ae2b10
Event: 190.063 Thread 0x000001db3cd55710 flushing  nmethod 0x000001db29af4590
Event: 190.063 Thread 0x000001db3cd55710 flushing  nmethod 0x000001db29af8c90
Event: 190.063 Thread 0x000001db3cd55710 flushing  nmethod 0x000001db29b1ae90
Event: 190.063 Thread 0x000001db3cd55710 flushing  nmethod 0x000001db29b1e190
Event: 190.063 Thread 0x000001db3cd55710 flushing  nmethod 0x000001db29b3dc10
Event: 190.063 Thread 0x000001db3cd55710 flushing  nmethod 0x000001db29b54490
Event: 190.063 Thread 0x000001db3cd55710 flushing  nmethod 0x000001db29b64810
Event: 190.063 Thread 0x000001db3cd55710 flushing  nmethod 0x000001db29b6a690
Event: 190.063 Thread 0x000001db3cd55710 flushing  nmethod 0x000001db29b6b290
Event: 190.063 Thread 0x000001db3cd55710 flushing  nmethod 0x000001db29b9be10
Event: 190.063 Thread 0x000001db3cd55710 flushing  nmethod 0x000001db29c7ab10
Event: 190.063 Thread 0x000001db3cd55710 flushing  nmethod 0x000001db29c9d790
Event: 190.063 Thread 0x000001db3cd55710 flushing  nmethod 0x000001db29d4a510
Event: 190.063 Thread 0x000001db3cd55710 flushing  nmethod 0x000001db29e65e90
Event: 190.063 Thread 0x000001db3cd55710 flushing  nmethod 0x000001db29e68d10
Event: 190.063 Thread 0x000001db3cd55710 flushing  nmethod 0x000001db29e90d10
Event: 190.063 Thread 0x000001db3cd55710 flushing  nmethod 0x000001db29e91990
Event: 190.063 Thread 0x000001db3cd55710 flushing  nmethod 0x000001db29ecc090
Event: 190.063 Thread 0x000001db3cd55710 flushing  nmethod 0x000001db29ed9010

Events (20 events):
Event: 25.929 Thread 0x000001db42c6b990 Thread added: 0x000001db431ae7d0
Event: 26.055 Thread 0x000001db42c6b990 Thread added: 0x000001db431aee60
Event: 28.746 Thread 0x000001db42c6b990 Thread added: 0x000001db4313d260
Event: 29.165 Thread 0x000001db42c6b990 Thread added: 0x000001db4313c540
Event: 32.921 Thread 0x000001db42c6b990 Thread added: 0x000001db4313cbd0
Event: 32.924 Thread 0x000001db42c6b990 Thread added: 0x000001db4313beb0
Event: 34.074 Thread 0x000001db42c6b990 Thread added: 0x000001db4313ab00
Event: 34.076 Thread 0x000001db42c6b990 Thread added: 0x000001db4313b820
Event: 64.944 Thread 0x000001db42c6b990 Thread added: 0x000001db4313d8f0
Event: 64.945 Thread 0x000001db42c6b990 Thread added: 0x000001db4313df80
Event: 75.977 Thread 0x000001db42c6b990 Thread added: 0x000001db4313b190
Event: 75.978 Thread 0x000001db42c6b990 Thread added: 0x000001db436a94b0
Event: 110.171 Thread 0x000001db42c6b990 Thread added: 0x000001db436aa1d0
Event: 145.431 Thread 0x000001db42c6b990 Thread added: 0x000001db436a73e0
Event: 145.434 Thread 0x000001db42c6b990 Thread added: 0x000001db436a7a70
Event: 146.766 Thread 0x000001db42c6b990 Thread added: 0x000001db436aa860
Event: 146.768 Thread 0x000001db42c6b990 Thread added: 0x000001db436a4c80
Event: 150.758 Thread 0x000001db42c6b990 Thread added: 0x000001db436a59a0
Event: 150.764 Thread 0x000001db42c6b990 Thread added: 0x000001db436abc10
Event: 199.358 Thread 0x000001db42c6b990 Thread added: 0x000001db436aaef0


Dynamic libraries:
0x00007ff7b4050000 - 0x00007ff7b405a000 	C:\Program Files\Android\Android Studio1\jbr\bin\java.exe
0x00007ffdb6d70000 - 0x00007ffdb6f68000 	C:\Windows\SYSTEM32\ntdll.dll
0x00007ffdb5260000 - 0x00007ffdb5322000 	C:\Windows\System32\KERNEL32.DLL
0x00007ffdb4630000 - 0x00007ffdb4927000 	C:\Windows\System32\KERNELBASE.dll
0x00007ffdb4c60000 - 0x00007ffdb4d60000 	C:\Windows\System32\ucrtbase.dll
0x00007ffd92700000 - 0x00007ffd92718000 	C:\Program Files\Android\Android Studio1\jbr\bin\jli.dll
0x00007ffdb64b0000 - 0x00007ffdb664d000 	C:\Windows\System32\USER32.dll
0x00007ffdb4560000 - 0x00007ffdb4582000 	C:\Windows\System32\win32u.dll
0x00007ffdb5ff0000 - 0x00007ffdb601b000 	C:\Windows\System32\GDI32.dll
0x00007ffdb4ac0000 - 0x00007ffdb4bd9000 	C:\Windows\System32\gdi32full.dll
0x00007ffdb4590000 - 0x00007ffdb462d000 	C:\Windows\System32\msvcp_win.dll
0x00007ffdaec80000 - 0x00007ffdaec9b000 	C:\Program Files\Android\Android Studio1\jbr\bin\VCRUNTIME140.dll
0x00007ffda18c0000 - 0x00007ffda1b5a000 	C:\Windows\WinSxS\amd64_microsoft.windows.common-controls_6595b64144ccf1df_6.0.19041.5915_none_60b4b9d171f9c7c7\COMCTL32.dll
0x00007ffdb57e0000 - 0x00007ffdb587e000 	C:\Windows\System32\msvcrt.dll
0x00007ffdb6c90000 - 0x00007ffdb6cbf000 	C:\Windows\System32\IMM32.DLL
0x00007ffdaed00000 - 0x00007ffdaed0c000 	C:\Program Files\Android\Android Studio1\jbr\bin\vcruntime140_1.dll
0x00007ffd92670000 - 0x00007ffd926fd000 	C:\Program Files\Android\Android Studio1\jbr\bin\msvcp140.dll
0x00007ffd6d9f0000 - 0x00007ffd6e67b000 	C:\Program Files\Android\Android Studio1\jbr\bin\server\jvm.dll
0x00007ffdb5720000 - 0x00007ffdb57d1000 	C:\Windows\System32\ADVAPI32.dll
0x00007ffdb6b80000 - 0x00007ffdb6c1f000 	C:\Windows\System32\sechost.dll
0x00007ffdb6380000 - 0x00007ffdb64a6000 	C:\Windows\System32\RPCRT4.dll
0x00007ffdb4d60000 - 0x00007ffdb4d87000 	C:\Windows\System32\bcrypt.dll
0x00007ffdb6cc0000 - 0x00007ffdb6d2b000 	C:\Windows\System32\WS2_32.dll
0x00007ffdb3900000 - 0x00007ffdb394b000 	C:\Windows\SYSTEM32\POWRPROF.dll
0x00007ffd9c5f0000 - 0x00007ffd9c617000 	C:\Windows\SYSTEM32\WINMM.dll
0x00007ffdab1a0000 - 0x00007ffdab1aa000 	C:\Windows\SYSTEM32\VERSION.dll
0x00007ffdb37c0000 - 0x00007ffdb37d2000 	C:\Windows\SYSTEM32\UMPDC.dll
0x00007ffdb2be0000 - 0x00007ffdb2bf2000 	C:\Windows\SYSTEM32\kernel.appcore.dll
0x00007ffdaebf0000 - 0x00007ffdaebfa000 	C:\Program Files\Android\Android Studio1\jbr\bin\jimage.dll
0x00007ffd85780000 - 0x00007ffd85981000 	C:\Windows\SYSTEM32\DBGHELP.DLL
0x00007ffd8ef40000 - 0x00007ffd8ef74000 	C:\Windows\SYSTEM32\dbgcore.DLL
0x00007ffdb4930000 - 0x00007ffdb49b2000 	C:\Windows\System32\bcryptPrimitives.dll
0x00007ffdaec60000 - 0x00007ffdaec6e000 	C:\Program Files\Android\Android Studio1\jbr\bin\instrument.dll
0x00007ffdae1f0000 - 0x00007ffdae210000 	C:\Program Files\Android\Android Studio1\jbr\bin\java.dll
0x00007ffdadd00000 - 0x00007ffdadd18000 	C:\Program Files\Android\Android Studio1\jbr\bin\zip.dll
0x00007ffdb5880000 - 0x00007ffdb5fee000 	C:\Windows\System32\SHELL32.dll
0x00007ffdb23f0000 - 0x00007ffdb2b94000 	C:\Windows\SYSTEM32\windows.storage.dll
0x00007ffdb6020000 - 0x00007ffdb6373000 	C:\Windows\System32\combase.dll
0x00007ffdb3d50000 - 0x00007ffdb3d7b000 	C:\Windows\SYSTEM32\Wldp.dll
0x00007ffdb69c0000 - 0x00007ffdb6a8d000 	C:\Windows\System32\OLEAUT32.dll
0x00007ffdb5520000 - 0x00007ffdb55cd000 	C:\Windows\System32\SHCORE.dll
0x00007ffdb5200000 - 0x00007ffdb525b000 	C:\Windows\System32\shlwapi.dll
0x00007ffdb4330000 - 0x00007ffdb4354000 	C:\Windows\SYSTEM32\profapi.dll
0x00007ffdaebe0000 - 0x00007ffdaebf0000 	C:\Program Files\Android\Android Studio1\jbr\bin\net.dll
0x00007ffdb2120000 - 0x00007ffdb222a000 	C:\Windows\SYSTEM32\WINHTTP.dll
0x00007ffdb3b30000 - 0x00007ffdb3b9a000 	C:\Windows\system32\mswsock.dll
0x00007ffdadce0000 - 0x00007ffdadcf6000 	C:\Program Files\Android\Android Studio1\jbr\bin\nio.dll
0x00007ffd9f860000 - 0x00007ffd9f870000 	C:\Program Files\Android\Android Studio1\jbr\bin\verify.dll
0x00007ffdad350000 - 0x00007ffdad377000 	C:\Users\Administrator\.gradle\native\1def1411415f61bf3af743bc5b6707747c0891f09f0c88961ee8f79bc544acac\windows-amd64\native-platform.dll
0x0000000076ab0000 - 0x0000000076b23000 	C:\Users\Administrator\.gradle\native\0.2.5\x86_64-windows-gnu\gradle-fileevents.dll
0x00007ffdacb80000 - 0x00007ffdacb89000 	C:\Program Files\Android\Android Studio1\jbr\bin\management.dll
0x00007ffdac550000 - 0x00007ffdac55b000 	C:\Program Files\Android\Android Studio1\jbr\bin\management_ext.dll
0x00007ffdb6c20000 - 0x00007ffdb6c28000 	C:\Windows\System32\PSAPI.DLL
0x00007ffdb3d90000 - 0x00007ffdb3da8000 	C:\Windows\SYSTEM32\CRYPTSP.dll
0x00007ffdb3400000 - 0x00007ffdb3438000 	C:\Windows\system32\rsaenh.dll
0x00007ffdb42b0000 - 0x00007ffdb42de000 	C:\Windows\SYSTEM32\USERENV.dll
0x00007ffdb3cc0000 - 0x00007ffdb3ccc000 	C:\Windows\SYSTEM32\CRYPTBASE.dll
0x00007ffdb37e0000 - 0x00007ffdb381b000 	C:\Windows\SYSTEM32\IPHLPAPI.DLL
0x00007ffdb5710000 - 0x00007ffdb5718000 	C:\Windows\System32\NSI.dll
0x00007ffdacb90000 - 0x00007ffdacb99000 	C:\Program Files\Android\Android Studio1\jbr\bin\extnet.dll
0x00007ffd9d440000 - 0x00007ffd9d447000 	C:\Windows\system32\wshunix.dll
0x0000000076a30000 - 0x0000000076aa3000 	C:\Users\Administrator\AppData\Local\Temp\native-platform8835624894051522234dir\gradle-fileevents.dll

dbghelp: loaded successfully - version: 4.0.5 - missing functions: none
symbol engine: initialized successfully - sym options: 0x614 - pdb path: .;C:\Program Files\Android\Android Studio1\jbr\bin;C:\Windows\SYSTEM32;C:\Windows\WinSxS\amd64_microsoft.windows.common-controls_6595b64144ccf1df_6.0.19041.5915_none_60b4b9d171f9c7c7;C:\Program Files\Android\Android Studio1\jbr\bin\server;C:\Users\Administrator\.gradle\native\1def1411415f61bf3af743bc5b6707747c0891f09f0c88961ee8f79bc544acac\windows-amd64;C:\Users\Administrator\.gradle\native\0.2.5\x86_64-windows-gnu;C:\Users\Administrator\AppData\Local\Temp\native-platform8835624894051522234dir

VM Arguments:
jvm_args: --add-opens=java.base/java.lang=ALL-UNNAMED --add-opens=java.base/java.lang.invoke=ALL-UNNAMED --add-opens=java.base/java.util=ALL-UNNAMED --add-opens=java.prefs/java.util.prefs=ALL-UNNAMED --add-exports=jdk.compiler/com.sun.tools.javac.api=ALL-UNNAMED --add-exports=jdk.compiler/com.sun.tools.javac.util=ALL-UNNAMED --add-opens=java.base/java.util=ALL-UNNAMED --add-opens=java.prefs/java.util.prefs=ALL-UNNAMED --add-opens=java.base/java.nio.charset=ALL-UNNAMED --add-opens=java.base/java.net=ALL-UNNAMED --add-opens=java.base/java.util.concurrent.atomic=ALL-UNNAMED --add-opens=java.xml/javax.xml.namespace=ALL-UNNAMED -Xmx2048m -Dfile.encoding=UTF-8 -Duser.country=US -Duser.language=en -Duser.variant -javaagent:C:\Users\Administrator\.gradle\wrapper\dists\gradle-8.12-bin\cetblhg4pflnnks72fxwobvgv\gradle-8.12\lib\agents\gradle-instrumentation-agent-8.12.jar 
java_command: org.gradle.launcher.daemon.bootstrap.GradleDaemon 8.12
java_class_path (initial): C:\Users\Administrator\.gradle\wrapper\dists\gradle-8.12-bin\cetblhg4pflnnks72fxwobvgv\gradle-8.12\lib\gradle-daemon-main-8.12.jar
Launcher Type: SUN_STANDARD

[Global flags]
     intx CICompilerCount                          = 2                                         {product} {ergonomic}
     uint ConcGCThreads                            = 1                                         {product} {ergonomic}
     uint G1ConcRefinementThreads                  = 3                                         {product} {ergonomic}
   size_t G1HeapRegionSize                         = 1048576                                   {product} {ergonomic}
    uintx GCDrainStackTargetSize                   = 64                                        {product} {ergonomic}
   size_t InitialHeapSize                          = 132120576                                 {product} {ergonomic}
   size_t MarkStackSize                            = 4194304                                   {product} {ergonomic}
   size_t MaxHeapSize                              = 2147483648                                {product} {command line}
   size_t MaxNewSize                               = 1287651328                                {product} {ergonomic}
   size_t MinHeapDeltaBytes                        = 1048576                                   {product} {ergonomic}
   size_t MinHeapSize                              = 8388608                                   {product} {ergonomic}
    uintx NonNMethodCodeHeapSize                   = 5826188                                {pd product} {ergonomic}
    uintx NonProfiledCodeHeapSize                  = 122916026                              {pd product} {ergonomic}
    uintx ProfiledCodeHeapSize                     = 122916026                              {pd product} {ergonomic}
    uintx ReservedCodeCacheSize                    = 251658240                              {pd product} {ergonomic}
     bool SegmentedCodeCache                       = true                                      {product} {ergonomic}
   size_t SoftMaxHeapSize                          = 2147483648                             {manageable} {ergonomic}
     bool UseCompressedOops                        = true                           {product lp64_product} {ergonomic}
     bool UseG1GC                                  = true                                      {product} {ergonomic}
     bool UseLargePagesIndividualAllocation        = false                                  {pd product} {ergonomic}

Logging:
Log output configuration:
 #0: stdout all=warning uptime,level,tags foldmultilines=false
 #1: stderr all=off uptime,level,tags foldmultilines=false

Environment Variables:
JAVA_HOME=C:\Program Files\Eclipse Adoptium\jdk-17.0.14.7-hotspot
PATH=%PATH%;C:\Users\SimbaSmart\AppData\Local\Android\Sdk\platform-tools;C:\Users\SimbaSmart\AppData\Local\Android\Sdk\tools;C:\Users\SimbaSmart\AppData\Local\Android\Sdk\platform-tools;C:\Users\SimbaSmart\AppData\Local\Android\Sdk\tools;G:\flutter\bin;C:\Program Files\Git\cmd;C:\xampp\php;C:\composer;D:\flutter\bin\;C:\Program Files\Eclipse Adoptium\jdk-17.0.14.7-hotspot\bin;C:\Program Files\Google\Chrome\Application;C:\Program Files\Google\Chrome\Application;C:\Windows\system32;C:\Windows;C:\Windows\System32\Wbem;C:\Windows\System32\WindowsPowerShell\v1.0\;C:\Windows\System32\OpenSSH\;C:\ProgramData\chocolatey\bin;C:\Program Files\BellSoft\LibericaJDK-16-Full\bin\;C:\Windows\system32;C:\Windows;C:\Windows\System32\Wbem;C:\Windows\System32\WindowsPowerShell\v1.0\;C:\Windows\System32\OpenSSH\;C:\ProgramData\chocolatey\bin;C:\Windows\system32;C:\Windows;C:\Windows\System32\Wbem;C:\Windows\System32\WindowsPowerShell\v1.0\;C:\Windows\System32\OpenSSH\;C:\Program Files (x86)\Google\Cloud SDK\google-cloud-sdk\bin;C:\Windows\system32;C:\Windows;C:\Windows\System32\Wbem;C:\Windows\System32\WindowsPowerShell\v1.0\;C:\Windows\Syste;C:\Program Files\nodejs\;C:\Program Files\Ec;D:\flutter\bin\;C:\Program Files\Eclipse Adoptium\jdk-17.0.14.7-hotspot\bin;C:\Program Files\Google\Chrome\Application;C:\Program Files\Google\Chrome\Application;C:\Windows\system32;C:\Windows;C:\Windows\System32\Wbem;C:\Windows\System32\WindowsPowerShell\v1.0\;C:\Windows\System32\OpenSSH\;C:\ProgramData\chocolatey\bin;C:\Program Files\BellSoft\LibericaJDK-16-Full\bin\;C:\Windows\system32;C:\Windows;C:\Windows\System32\Wbem;C:\Windows\System32\WindowsPowerShell\v1.0\;C:\Windows\System32\OpenSSH\;C:\ProgramData\chocolatey\bin;C:\Windows\system32;C:\Windows;C:\Windows\System32\Wbem;C:\Windows\System32\WindowsPowerShell\v1.0\;C:\Windows\System32\OpenSSH\;C:\Program Files (x86)\Google\Cloud SDK\google-cloud-sdk\bin;C:\Windows\system32;C:\Windows;C:\Windows\System32\Wbem;C:\Windows\System32\WindowsPowerShell\v1.0\;C:\Windows\Syste;C:\Program Files\nodejs\;C:\Program Files\Ec;C:\Program Files\Eclipse Adoptium\jdk-17.0.14.7-hotspot\bin;C:\Program Files\Eclipse Adoptium\jdk-17.0.14.7-hotspot\bin;C:\Users\Administrator\AppData\Local\Microsoft\WindowsApps;C:\Users\Administrator\AppData\Local\Programs\Microsoft VS Code\bin;C:\Users\Administrator\AppData\Local\Android\Sdk\platform-tools;C:\Users\Administrator\AppData\Local\Android\Sdk\tools;C:\Users\Administrator\AppData\Local\Android\Sdk\tools\bin;C:\Users\Administrator\AppData\Local\Android\Sdk\emulator;C:\Users\Administrator\AppData\Roaming\Composer\vendor\bin;C:\Users\SimbaSmart\AppData\Local\Android\Sdk\platform-tools;C:\Users\SimbaSmart\AppData\Local\Android\Sdk\tools;C:\Users\SimbaSmart\AppData\Local\Android\Sdk\platform-tools;C:\Users\SimbaSmart\AppData\Local\Android\Sdk\tools;G:\flutter\bin;C:\Program Files\Git\cmd;C:\xampp\php;C:\composer;C:\Users\SimbaSmart\AppData\Local\Android\Sdk\platform-tools;C:\Users\SimbaSmart\AppData\Local\Android\Sdk\tools;C:\Users\SimbaSmart\AppData\Local\Android\Sdk\platform-tools;C:\Users\SimbaSmart\AppData\Local\Android\Sdk\tools;G:\flutter\bin;C:\Program Files\Git\cmd;C:\xampp\php;C:\composer;D:\flutter\bin\;C:\Program Files\Eclipse Adoptium\jdk-17.0.14.7-hotspot\bin;C:\Program Files\Google\Chrome\Application;C:\Program Files\Google\Chrome\Application;C:\Windows\system32;C:\Windows;C:\Windows\System32\Wbem;C:\Windows\System32\WindowsPowerShell\v1.0\;C:\Windows\System32\OpenSSH\;C:\ProgramData\chocolatey\bin;C:\Program Files\BellSoft\LibericaJDK-16-Full\bin\;C:\Windows\system32;C:\Windows;C:\Windows\System32\Wbem;C:\Windows\System32\WindowsPowerShell\v1.0\;C:\Windows\System32\OpenSSH\;C:\ProgramData\chocolatey\bin;C:\Windows\system32;C:\Windows;C:\Windows\System32\Wbem;C:\Windows\System32\WindowsPowerShell\v1.0\;C:\Windows\System32\OpenSSH\;C:\Program Files (x86)\Google\Cloud SDK\google-cloud-sdk\bin;C:\Windows\system32;C:\Windows;C:\Windows\System32\Wbem;C:\Windows\System32\WindowsPowerShell\v1.0\;C:\Windows\Syste;C:\Program Files\nodejs\;C:\Program Files\Ec;D:\flutter\bin\;C:\Progr
USERNAME=Administrator
OS=Windows_NT
PROCESSOR_IDENTIFIER=Intel64 Family 6 Model 78 Stepping 3, GenuineIntel
TMP=C:\Users\ADMINI~1\AppData\Local\Temp
TEMP=C:\Users\ADMINI~1\AppData\Local\Temp




Periodic native trim disabled

JNI global refs:
JNI global refs: 29, weak refs: 1

JNI global refs memory usage: 835, weak refs: 833

Process memory usage:
Resident Set Size: 370492K (4% of 8240736K total physical memory with 356184K free physical memory)

OOME stack traces (most recent first):
Classloader memory used:
Loader org.gradle.internal.classloader.VisitableURLClassLoader                         : 33894K
Loader bootstrap                                                                       : 25628K
Loader org.gradle.initialization.MixInLegacyTypesClassLoader                           : 11470K
Loader org.gradle.internal.classloader.VisitableURLClassLoader$InstrumentingVisitableURLClassLoader: 9676K
Loader org.gradle.internal.classloader.VisitableURLClassLoader                         : 827K
Loader jdk.internal.loader.ClassLoaders$PlatformClassLoader                            : 507K
Loader jdk.internal.reflect.DelegatingClassLoader                                      : 244K
Loader jdk.internal.loader.ClassLoaders$AppClassLoader                                 : 232K
Loader org.gradle.groovy.scripts.internal.DefaultScriptCompilationHandler$ScriptClassLoader: 183K
Loader org.codehaus.groovy.runtime.callsite.CallSiteClassLoader                        : 62896B


[error occurred during error reporting (Classloader stats), id 0xe0000001, Out of Memory Error (s\src\hotspot\share\memory\arena.cpp:168)]
---------------  S Y S T E M  ---------------

OS:
 Windows 10 , 64 bit Build 19041 (10.0.19041.5915)
OS uptime: 0 days 3:06 hours
Hyper-V role detected

CPU: total 3 (initial active 3) (2 cores per cpu, 2 threads per core) family 6 model 78 stepping 3 microcode 0xdc, cx8, cmov, fxsr, ht, mmx, 3dnowpref, sse, sse2, sse3, ssse3, sse4.1, sse4.2, popcnt, lzcnt, tsc, tscinvbit, avx, avx2, aes, erms, clmul, bmi1, bmi2, rtm, adx, fma, vzeroupper, clflush, clflushopt, hv, rdtscp, f16c
Processor Information for the first 3 processors :
  Max Mhz: 2496, Current Mhz: 2496, Mhz Limit: 2496

Memory: 4k page, system-wide physical 8047M (344M free)
TotalPageFile size 14813M (AvailPageFile size 4M)
current process WorkingSet (physical memory assigned to process): 363M, peak: 393M
current process commit charge ("private bytes"): 421M, peak: 432M

vm_info: OpenJDK 64-Bit Server VM (21.0.6+-13368085-b895.109) for windows-amd64 JRE (21.0.6+-13368085-b895.109), built on 2025-04-16T17:01:31Z by "builder" with MS VC++ 16.10 / 16.11 (VS2019)

END.
